<?xml version="1.0" encoding="UTF-8"?>
<testsuite name="com.ubb935.halfway.HalfwayApplicationTests" tests="1" skipped="0" failures="0" errors="0" timestamp="2018-03-27T08:11:24" hostname="PREDATOR" time="0.028">
  <properties/>
  <testcase name="contextLoads" classname="com.ubb935.halfway.HalfwayApplicationTests" time="0.028"/>
  <system-out><![CDATA[11:11:16.728 [Test worker] DEBUG org.springframework.test.context.junit4.SpringJUnit4ClassRunner - SpringJUnit4ClassRunner constructor called with [class com.ubb935.halfway.HalfwayApplicationTests]
11:11:16.732 [Test worker] DEBUG org.springframework.test.context.BootstrapUtils - Instantiating CacheAwareContextLoaderDelegate from class [org.springframework.test.context.cache.DefaultCacheAwareContextLoaderDelegate]
11:11:16.740 [Test worker] DEBUG org.springframework.test.context.BootstrapUtils - Instantiating BootstrapContext using constructor [public org.springframework.test.context.support.DefaultBootstrapContext(java.lang.Class,org.springframework.test.context.CacheAwareContextLoaderDelegate)]
11:11:16.751 [Test worker] DEBUG org.springframework.test.context.BootstrapUtils - Instantiating TestContextBootstrapper for test class [com.ubb935.halfway.HalfwayApplicationTests] from class [org.springframework.boot.test.context.SpringBootTestContextBootstrapper]
11:11:16.761 [Test worker] INFO org.springframework.boot.test.context.SpringBootTestContextBootstrapper - Neither @ContextConfiguration nor @ContextHierarchy found for test class [com.ubb935.halfway.HalfwayApplicationTests], using SpringBootContextLoader
11:11:16.764 [Test worker] DEBUG org.springframework.test.context.support.AbstractContextLoader - Did not detect default resource location for test class [com.ubb935.halfway.HalfwayApplicationTests]: class path resource [com/ubb935/halfway/HalfwayApplicationTests-context.xml] does not exist
11:11:16.765 [Test worker] DEBUG org.springframework.test.context.support.AbstractContextLoader - Did not detect default resource location for test class [com.ubb935.halfway.HalfwayApplicationTests]: class path resource [com/ubb935/halfway/HalfwayApplicationTestsContext.groovy] does not exist
11:11:16.765 [Test worker] INFO org.springframework.test.context.support.AbstractContextLoader - Could not detect default resource locations for test class [com.ubb935.halfway.HalfwayApplicationTests]: no resource found for suffixes {-context.xml, Context.groovy}.
11:11:16.766 [Test worker] INFO org.springframework.test.context.support.AnnotationConfigContextLoaderUtils - Could not detect default configuration classes for test class [com.ubb935.halfway.HalfwayApplicationTests]: HalfwayApplicationTests does not declare any static, non-private, non-final, nested classes annotated with @Configuration.
11:11:16.797 [Test worker] DEBUG org.springframework.test.context.support.ActiveProfilesUtils - Could not find an 'annotation declaring class' for annotation type [org.springframework.test.context.ActiveProfiles] and class [com.ubb935.halfway.HalfwayApplicationTests]
11:11:16.805 [Test worker] DEBUG org.springframework.core.env.StandardEnvironment - Adding PropertySource 'systemProperties' with lowest search precedence
11:11:16.805 [Test worker] DEBUG org.springframework.core.env.StandardEnvironment - Adding PropertySource 'systemEnvironment' with lowest search precedence
11:11:16.805 [Test worker] DEBUG org.springframework.core.env.StandardEnvironment - Initialized StandardEnvironment with PropertySources [MapPropertySource@835384522 {name='systemProperties', properties={java.runtime.name=Java(TM) SE Runtime Environment, sun.boot.library.path=C:\Program Files\Java\jdk1.8.0_161\jre\bin, java.vm.version=25.161-b12, java.vm.vendor=Oracle Corporation, java.vendor.url=http://java.oracle.com/, path.separator=;, java.vm.name=Java HotSpot(TM) 64-Bit Server VM, file.encoding.pkg=sun.io, user.script=, sun.java.launcher=SUN_STANDARD, user.country=US, sun.os.patch.level=, java.vm.specification.name=Java Virtual Machine Specification, user.dir=C:\GIT\halfway, java.runtime.version=1.8.0_161-b12, java.awt.graphicsenv=sun.awt.Win32GraphicsEnvironment, java.endorsed.dirs=C:\Program Files\Java\jdk1.8.0_161\jre\lib\endorsed, os.arch=amd64, java.io.tmpdir=C:\Users\Gothamel\AppData\Local\Temp\, line.separator=
, java.vm.specification.vendor=Oracle Corporation, user.variant=, os.name=Windows 10, sun.jnu.encoding=Cp1252, java.library.path=C:\Program Files\Java\jdk1.8.0_161\bin;C:\WINDOWS\Sun\Java\bin;C:\WINDOWS\system32;C:\WINDOWS;C:\WINDOWS\system32;C:\WINDOWS;C:\WINDOWS\System32\Wbem;C:\WINDOWS\System32\WindowsPowerShell\v1.0\;C:\Program Files\nodejs\;C:\Program Files (x86)\Git\cmd;C:\Program Files (x86)\GitExtensions\;C:\cygwin64\bin;C:\kit\gradle-3.5\bin;C:\Program Files\Java\jdk1.8.0_161\bin;C:\Users\Gothamel\AppData\Local\Microsoft\WindowsApps;C:\Users\Gothamel\AppData\Roaming\npm;C:\Program Files\Microsoft VS Code\bin;., java.specification.name=Java Platform API Specification, java.class.version=52.0, sun.management.compiler=HotSpot 64-Bit Tiered Compilers, os.version=10.0, user.home=C:\Users\Gothamel, user.timezone=Europe/Athens, java.awt.printerjob=sun.awt.windows.WPrinterJob, file.encoding=windows-1252, java.specification.version=1.8, java.class.path=C:\GIT\halfway\build\classes\test;C:\GIT\halfway\build\resources\test;C:\GIT\halfway\build\classes\main;C:\GIT\halfway\build\resources\main;C:\Users\Gothamel\.gradle\caches\modules-2\files-2.1\io.jsonwebtoken\jjwt\0.9.0\64e3ed8a5f0bc93ecea592a0b3280f995efbdfe9\jjwt-0.9.0.jar;C:\Users\Gothamel\.gradle\caches\modules-2\files-2.1\org.springframework.boot\spring-boot-starter-data-jpa\1.5.7.RELEASE\ccdf14487724b7c1343e5d2605f7170c026e405\spring-boot-starter-data-jpa-1.5.7.RELEASE.jar;C:\Users\Gothamel\.gradle\caches\modules-2\files-2.1\org.springframework.boot\spring-boot-starter-security\1.5.7.RELEASE\e680aa1a8990a6e98e7a843c88f0a8bc378bb4d\spring-boot-starter-security-1.5.7.RELEASE.jar;C:\Users\Gothamel\.gradle\caches\modules-2\files-2.1\org.springframework.boot\spring-boot-starter-tomcat\1.5.7.RELEASE\eae533e2a0111a51d812912acb3d3e2368736d1b\spring-boot-starter-tomcat-1.5.7.RELEASE.jar;C:\Users\Gothamel\.gradle\caches\modules-2\files-2.1\org.springframework.boot\spring-boot-starter-web\1.5.7.RELEASE\a862305be8b7512a41f6768d825ed37251ccbbe0\spring-boot-starter-web-1.5.7.RELEASE.jar;C:\Users\Gothamel\.gradle\caches\modules-2\files-2.1\org.postgresql\postgresql\9.4.1212.jre7\7101612950488be0ff6882bcc27aa0f0a4c202dd\postgresql-9.4.1212.jre7.jar;C:\Users\Gothamel\.gradle\caches\modules-2\files-2.1\org.springframework.boot\spring-boot-starter-test\1.5.7.RELEASE\d23f37a72c2d4e46aba66bc69a649213f9cadeee\spring-boot-starter-test-1.5.7.RELEASE.jar;C:\Users\Gothamel\.gradle\caches\modules-2\files-2.1\org.springframework.restdocs\spring-restdocs-mockmvc\1.1.3.RELEASE\1872dbe34889dafaec5aec016344e8875bbc1f92\spring-restdocs-mockmvc-1.1.3.RELEASE.jar;C:\Users\Gothamel\.gradle\caches\modules-2\files-2.1\org.springframework.security\spring-security-test\4.2.3.RELEASE\f93339f597290d85a596f25a7841b9109b79ced6\spring-security-test-4.2.3.RELEASE.jar;C:\Users\Gothamel\.gradle\caches\modules-2\files-2.1\com.fasterxml.jackson.core\jackson-databind\2.8.10\f7b83cb2bc4b88d53961e749e1ad32f49ef017b7\jackson-databind-2.8.10.jar;C:\Users\Gothamel\.gradle\caches\modules-2\files-2.1\org.springframework.boot\spring-boot-starter\1.5.7.RELEASE\b42fe6962dd8b3be4ac8c1d7134d0ca2d0a35c7e\spring-boot-starter-1.5.7.RELEASE.jar;C:\Users\Gothamel\.gradle\caches\modules-2\files-2.1\org.springframework.boot\spring-boot-starter-aop\1.5.7.RELEASE\189098a72ccc0cca07ea42d6715c10524b5a93d1\spring-boot-starter-aop-1.5.7.RELEASE.jar;C:\Users\Gothamel\.gradle\caches\modules-2\files-2.1\org.springframework.boot\spring-boot-starter-jdbc\1.5.7.RELEASE\98c652a5461ccbec70b55fd0f7815d9c9a37a082\spring-boot-starter-jdbc-1.5.7.RELEASE.jar;C:\Users\Gothamel\.gradle\caches\modules-2\files-2.1\org.hibernate\hibernate-core\5.0.12.Final\e58bf1c660e6706d8e2cbb53bae110f574366102\hibernate-core-5.0.12.Final.jar;C:\Users\Gothamel\.gradle\caches\modules-2\files-2.1\org.hibernate\hibernate-entitymanager\5.0.12.Final\302a526f5058290e9cbd719a5caf9f248d344719\hibernate-entitymanager-5.0.12.Final.jar;C:\Users\Gothamel\.gradle\caches\modules-2\files-2.1\javax.transaction\javax.transaction-api\1.2\d81aff979d603edd90dcd8db2abc1f4ce6479e3e\javax.transaction-api-1.2.jar;C:\Users\Gothamel\.gradle\caches\modules-2\files-2.1\org.springframework.data\spring-data-jpa\1.11.7.RELEASE\587051cc7d7a3ddfac6098d623a658abb2f15865\spring-data-jpa-1.11.7.RELEASE.jar;C:\Users\Gothamel\.gradle\caches\modules-2\files-2.1\org.springframework\spring-aspects\4.3.11.RELEASE\38ab744d37aef58762a03dbe7ab1479070ebadc6\spring-aspects-4.3.11.RELEASE.jar;C:\Users\Gothamel\.gradle\caches\modules-2\files-2.1\org.springframework\spring-aop\4.3.11.RELEASE\461d0bb58f1de30203d9331adf4b51de9554de5a\spring-aop-4.3.11.RELEASE.jar;C:\Users\Gothamel\.gradle\caches\modules-2\files-2.1\org.springframework.security\spring-security-config\4.2.3.RELEASE\9f3771903616e33521836fd999d63efbfebf90d\spring-security-config-4.2.3.RELEASE.jar;C:\Users\Gothamel\.gradle\caches\modules-2\files-2.1\org.springframework.security\spring-security-web\4.2.3.RELEASE\7a03e737484ca232d7146852f06d067ac21427ac\spring-security-web-4.2.3.RELEASE.jar;C:\Users\Gothamel\.gradle\caches\modules-2\files-2.1\org.apache.tomcat.embed\tomcat-embed-core\8.5.20\b9026ee20f1f6a2b0fc3e51dd806d800901448b0\tomcat-embed-core-8.5.20.jar;C:\Users\Gothamel\.gradle\caches\modules-2\files-2.1\org.apache.tomcat.embed\tomcat-embed-el\8.5.20\42960f481a8a80f4ffd3b865c2232820e3565bf1\tomcat-embed-el-8.5.20.jar;C:\Users\Gothamel\.gradle\caches\modules-2\files-2.1\org.apache.tomcat.embed\tomcat-embed-websocket\8.5.20\4df9055507926a2651f691cc9964c50493a0ab29\tomcat-embed-websocket-8.5.20.jar;C:\Users\Gothamel\.gradle\caches\modules-2\files-2.1\org.hibernate\hibernate-validator\5.3.5.Final\622a9bcef2eed6d41b5b8e0662c36212009e375\hibernate-validator-5.3.5.Final.jar;C:\Users\Gothamel\.gradle\caches\modules-2\files-2.1\org.springframework\spring-web\4.3.11.RELEASE\50a3dfce550bdf9459dfb2c6282aa104b040258e\spring-web-4.3.11.RELEASE.jar;C:\Users\Gothamel\.gradle\caches\modules-2\files-2.1\org.springframework\spring-webmvc\4.3.11.RELEASE\814f91ec4dc324e724bbe7cbc5045b234604c539\spring-webmvc-4.3.11.RELEASE.jar;C:\Users\Gothamel\.gradle\caches\modules-2\files-2.1\org.springframework.boot\spring-boot-test\1.5.7.RELEASE\b8d77445d48f4320f404d8f13f4e5cb95bc36b30\spring-boot-test-1.5.7.RELEASE.jar;C:\Users\Gothamel\.gradle\caches\modules-2\files-2.1\org.springframework.boot\spring-boot-test-autoconfigure\1.5.7.RELEASE\8bead16b97c9f1b5fe7c47f3e030dd9351a6974d\spring-boot-test-autoconfigure-1.5.7.RELEASE.jar;C:\Users\Gothamel\.gradle\caches\modules-2\files-2.1\com.jayway.jsonpath\json-path\2.2.0\22290d17944bd239fabf5ac69005a60a7ecbbbcb\json-path-2.2.0.jar;C:\Users\Gothamel\.gradle\caches\modules-2\files-2.1\junit\junit\4.12\2973d150c0dc1fefe998f834810d68f278ea58ec\junit-4.12.jar;C:\Users\Gothamel\.gradle\caches\modules-2\files-2.1\org.assertj\assertj-core\2.6.0\b532c3fc4f66bcfee4989a3514f1cd56203a33ad\assertj-core-2.6.0.jar;C:\Users\Gothamel\.gradle\caches\modules-2\files-2.1\org.mockito\mockito-core\1.10.19\e8546f5bef4e061d8dd73895b4e8f40e3fe6effe\mockito-core-1.10.19.jar;C:\Users\Gothamel\.gradle\caches\modules-2\files-2.1\org.hamcrest\hamcrest-core\1.3\42a25dc3219429f0e5d060061f71acb49bf010a0\hamcrest-core-1.3.jar;C:\Users\Gothamel\.gradle\caches\modules-2\files-2.1\org.hamcrest\hamcrest-library\1.3\4785a3c21320980282f9f33d0d1264a69040538f\hamcrest-library-1.3.jar;C:\Users\Gothamel\.gradle\caches\modules-2\files-2.1\org.skyscreamer\jsonassert\1.4.0\9cdbb373a06f6513e51e8c545ee6a5e981463edb\jsonassert-1.4.0.jar;C:\Users\Gothamel\.gradle\caches\modules-2\files-2.1\org.springframework\spring-core\4.3.11.RELEASE\eb30ed093f628279d3aead068fd478fa343f1dad\spring-core-4.3.11.RELEASE.jar;C:\Users\Gothamel\.gradle\caches\modules-2\files-2.1\org.springframework\spring-test\4.3.11.RELEASE\cf765b5d6d6bdc38c67522ecae3fe9549da43e1\spring-test-4.3.11.RELEASE.jar;C:\Users\Gothamel\.gradle\caches\modules-2\files-2.1\org.springframework.restdocs\spring-restdocs-core\1.1.3.RELEASE\aa6c3751d3d1b897172e9978865a558c69d7a3a9\spring-restdocs-core-1.1.3.RELEASE.jar;C:\Users\Gothamel\.gradle\caches\modules-2\files-2.1\org.springframework.security\spring-security-core\4.2.3.RELEASE\5c0e47a47036c94d6fdd02696bf52be6d1adbd4d\spring-security-core-4.2.3.RELEASE.jar;C:\Users\Gothamel\.gradle\caches\modules-2\files-2.1\com.fasterxml.jackson.core\jackson-annotations\2.8.0\45b426f7796b741035581a176744d91090e2e6fb\jackson-annotations-2.8.0.jar;C:\Users\Gothamel\.gradle\caches\modules-2\files-2.1\com.fasterxml.jackson.core\jackson-core\2.8.10\eb21a035c66ad307e66ec8fce37f5d50fd62d039\jackson-core-2.8.10.jar;C:\Users\Gothamel\.gradle\caches\modules-2\files-2.1\org.springframework.boot\spring-boot\1.5.7.RELEASE\1006870df7b3dc203df7ce84463c5dd7049fdaa4\spring-boot-1.5.7.RELEASE.jar;C:\Users\Gothamel\.gradle\caches\modules-2\files-2.1\org.springframework.boot\spring-boot-autoconfigure\1.5.7.RELEASE\e83f1407ff991e9e7eb156f49fa19d868bb73289\spring-boot-autoconfigure-1.5.7.RELEASE.jar;C:\Users\Gothamel\.gradle\caches\modules-2\files-2.1\org.springframework.boot\spring-boot-starter-logging\1.5.7.RELEASE\c84c4ea09d7f789a0d5e936a961471e5dbd9295e\spring-boot-starter-logging-1.5.7.RELEASE.jar;C:\Users\Gothamel\.gradle\caches\modules-2\files-2.1\org.yaml\snakeyaml\1.17\7a27ea250c5130b2922b86dea63cbb1cc10a660c\snakeyaml-1.17.jar;C:\Users\Gothamel\.gradle\caches\modules-2\files-2.1\org.aspectj\aspectjweaver\1.8.10\e198c5fee28988c355f74e06461614eae36b2032\aspectjweaver-1.8.10.jar;C:\Users\Gothamel\.gradle\caches\modules-2\files-2.1\org.apache.tomcat\tomcat-jdbc\8.5.20\10d0d288d837ddfc92096920e4571054a3934160\tomcat-jdbc-8.5.20.jar;C:\Users\Gothamel\.gradle\caches\modules-2\files-2.1\org.springframework\spring-jdbc\4.3.11.RELEASE\642ed7497d327f299caccb930af6b65e229864c4\spring-jdbc-4.3.11.RELEASE.jar;C:\Users\Gothamel\.gradle\caches\modules-2\files-2.1\org.jboss.logging\jboss-logging\3.3.1.Final\c46217ab74b532568c0ed31dc599db3048bd1b67\jboss-logging-3.3.1.Final.jar;C:\Users\Gothamel\.gradle\caches\modules-2\files-2.1\org.hibernate.javax.persistence\hibernate-jpa-2.1-api\1.0.0.Final\5e731d961297e5a07290bfaf3db1fbc8bbbf405a\hibernate-jpa-2.1-api-1.0.0.Final.jar;C:\Users\Gothamel\.gradle\caches\modules-2\files-2.1\org.javassist\javassist\3.21.0-GA\598244f595db5c5fb713731eddbb1c91a58d959b\javassist-3.21.0-GA.jar;C:\Users\Gothamel\.gradle\caches\modules-2\files-2.1\antlr\antlr\2.7.7\83cd2cd674a217ade95a4bb83a8a14f351f48bd0\antlr-2.7.7.jar;C:\Users\Gothamel\.gradle\caches\modules-2\files-2.1\org.jboss\jandex\2.0.0.Final\3e899258936f94649c777193e1be846387ed54b3\jandex-2.0.0.Final.jar;C:\Users\Gothamel\.gradle\caches\modules-2\files-2.1\dom4j\dom4j\1.6.1\5d3ccc056b6f056dbf0dddfdf43894b9065a8f94\dom4j-1.6.1.jar;C:\Users\Gothamel\.gradle\caches\modules-2\files-2.1\org.hibernate.common\hibernate-commons-annotations\5.0.1.Final\71e1cff3fcb20d3b3af4f3363c3ddb24d33c6879\hibernate-commons-annotations-5.0.1.Final.jar;C:\Users\Gothamel\.gradle\caches\modules-2\files-2.1\org.springframework.data\spring-data-commons\1.13.7.RELEASE\cf4538abda1f0a9cf2323d6e4204df0130aeec73\spring-data-commons-1.13.7.RELEASE.jar;C:\Users\Gothamel\.gradle\caches\modules-2\files-2.1\org.springframework\spring-orm\4.3.11.RELEASE\7ba1b25ad62b29295aa90ae88f9f35e84861953c\spring-orm-4.3.11.RELEASE.jar;C:\Users\Gothamel\.gradle\caches\modules-2\files-2.1\org.springframework\spring-context\4.3.11.RELEASE\3efec2d7c7469d49108a2b21c3f15831f7297569\spring-context-4.3.11.RELEASE.jar;C:\Users\Gothamel\.gradle\caches\modules-2\files-2.1\org.springframework\spring-tx\4.3.11.RELEASE\c931ee363d2269f03edfeb83d7d7fe23924ab8a1\spring-tx-4.3.11.RELEASE.jar;C:\Users\Gothamel\.gradle\caches\modules-2\files-2.1\org.springframework\spring-beans\4.3.11.RELEASE\591cc35fd39292adae13f01aa13e978d0bb11936\spring-beans-4.3.11.RELEASE.jar;C:\Users\Gothamel\.gradle\caches\modules-2\files-2.1\org.slf4j\slf4j-api\1.7.25\da76ca59f6a57ee3102f8f9bd9cee742973efa8a\slf4j-api-1.7.25.jar;C:\Users\Gothamel\.gradle\caches\modules-2\files-2.1\org.slf4j\jcl-over-slf4j\1.7.25\f8c32b13ff142a513eeb5b6330b1588dcb2c0461\jcl-over-slf4j-1.7.25.jar;C:\Users\Gothamel\.gradle\caches\modules-2\files-2.1\aopalliance\aopalliance\1.0\235ba8b489512805ac13a8f9ea77a1ca5ebe3e8\aopalliance-1.0.jar;C:\Users\Gothamel\.gradle\caches\modules-2\files-2.1\org.springframework\spring-expression\4.3.11.RELEASE\fca662a2fccdad90ec22b2aaecb021047dcbe249\spring-expression-4.3.11.RELEASE.jar;C:\Users\Gothamel\.gradle\caches\modules-2\files-2.1\javax.validation\validation-api\1.1.0.Final\8613ae82954779d518631e05daa73a6a954817d5\validation-api-1.1.0.Final.jar;C:\Users\Gothamel\.gradle\caches\modules-2\files-2.1\com.fasterxml\classmate\1.3.4\3d5f48f10bbe4eb7bd862f10c0583be2e0053c6\classmate-1.3.4.jar;C:\Users\Gothamel\.gradle\caches\modules-2\files-2.1\net.minidev\json-smart\2.2.1\5b9e5df7a62d1279b70dc882b041d249c4f0b002\json-smart-2.2.1.jar;C:\Users\Gothamel\.gradle\caches\modules-2\files-2.1\org.objenesis\objenesis\2.1\87c0ea803b69252868d09308b4618f766f135a96\objenesis-2.1.jar;C:\Users\Gothamel\.gradle\caches\modules-2\files-2.1\com.vaadin.external.google\android-json\0.0.20131108.vaadin1\fa26d351fe62a6a17f5cda1287c1c6110dec413f\android-json-0.0.20131108.vaadin1.jar;C:\Users\Gothamel\.gradle\caches\modules-2\files-2.1\javax.servlet\javax.servlet-api\3.1.0\3cd63d075497751784b2fa84be59432f4905bf7c\javax.servlet-api-3.1.0.jar;C:\Users\Gothamel\.gradle\caches\modules-2\files-2.1\ch.qos.logback\logback-classic\1.1.11\ccedfbacef4a6515d2983e3f89ed753d5d4fb665\logback-classic-1.1.11.jar;C:\Users\Gothamel\.gradle\caches\modules-2\files-2.1\org.slf4j\jul-to-slf4j\1.7.25\af5364cd6679bfffb114f0dec8a157aaa283b76\jul-to-slf4j-1.7.25.jar;C:\Users\Gothamel\.gradle\caches\modules-2\files-2.1\org.slf4j\log4j-over-slf4j\1.7.25\a87bb47468f47ee7aabbd54f93e133d4215769c3\log4j-over-slf4j-1.7.25.jar;C:\Users\Gothamel\.gradle\caches\modules-2\files-2.1\org.apache.tomcat\tomcat-juli\8.5.20\6c0579d329696059f377585d2a51455bf083d9ee\tomcat-juli-8.5.20.jar;C:\Users\Gothamel\.gradle\caches\modules-2\files-2.1\net.minidev\accessors-smart\1.1\a527213f2fea112a04c9bdf0ec0264e34104cd08\accessors-smart-1.1.jar;C:\Users\Gothamel\.gradle\caches\modules-2\files-2.1\ch.qos.logback\logback-core\1.1.11\88b8df40340eed549fb07e2613879bf6b006704d\logback-core-1.1.11.jar;C:\Users\Gothamel\.gradle\caches\modules-2\files-2.1\org.ow2.asm\asm\5.0.3\dcc2193db20e19e1feca8b1240dbbc4e190824fa\asm-5.0.3.jar, user.name=Gothamel, java.vm.specification.version=1.8, sun.java.command=worker.org.gradle.process.internal.worker.GradleWorkerMain 'Gradle Test Executor 1', java.home=C:\Program Files\Java\jdk1.8.0_161\jre, sun.arch.data.model=64, user.language=en, java.specification.vendor=Oracle Corporation, awt.toolkit=sun.awt.windows.WToolkit, java.vm.info=mixed mode, java.version=1.8.0_161, java.ext.dirs=C:\Program Files\Java\jdk1.8.0_161\jre\lib\ext;C:\WINDOWS\Sun\Java\lib\ext, sun.boot.class.path=C:\Program Files\Java\jdk1.8.0_161\jre\lib\resources.jar;C:\Program Files\Java\jdk1.8.0_161\jre\lib\rt.jar;C:\Program Files\Java\jdk1.8.0_161\jre\lib\sunrsasign.jar;C:\Program Files\Java\jdk1.8.0_161\jre\lib\jsse.jar;C:\Program Files\Java\jdk1.8.0_161\jre\lib\jce.jar;C:\Program Files\Java\jdk1.8.0_161\jre\lib\charsets.jar;C:\Program Files\Java\jdk1.8.0_161\jre\lib\jfr.jar;C:\Program Files\Java\jdk1.8.0_161\jre\classes, java.vendor=Oracle Corporation, org.gradle.test.worker=1, file.separator=\, java.vendor.url.bug=http://bugreport.sun.com/bugreport/, sun.io.unicode.encoding=UnicodeLittle, sun.cpu.endian=little, sun.desktop=windows, sun.cpu.isalist=amd64}}, SystemEnvironmentPropertySource@810639600 {name='systemEnvironment', properties={USERDOMAIN_ROAMINGPROFILE=PREDATOR, LOCALAPPDATA=C:\Users\Gothamel\AppData\Local, PROCESSOR_LEVEL=6, USERDOMAIN=PREDATOR, LOGONSERVER=\\PREDATOR, PROMPT=$P$G, SESSIONNAME=Console, ALLUSERSPROFILE=C:\ProgramData, PROCESSOR_ARCHITECTURE=AMD64, PSModulePath=C:\Program Files\WindowsPowerShell\Modules;C:\WINDOWS\system32\WindowsPowerShell\v1.0\Modules, SystemDrive=C:, =ExitCode=00000000, OneDrive=C:\Users\Gothamel\OneDrive, =C:=C:\GIT\halfway, APPDATA=C:\Users\Gothamel\AppData\Roaming, DIRNAME=C:\kit\gradle-3.5\bin\, JAVA_EXE=java.exe, USERNAME=Gothamel, CMD_LINE_ARGS=build, ProgramFiles(x86)=C:\Program Files (x86), VBOX_MSI_INSTALL_PATH=C:\Program Files\Oracle\VirtualBox\, CommonProgramFiles=C:\Program Files\Common Files, Path=C:\WINDOWS\system32;C:\WINDOWS;C:\WINDOWS\System32\Wbem;C:\WINDOWS\System32\WindowsPowerShell\v1.0\;C:\Program Files\nodejs\;C:\Program Files (x86)\Git\cmd;C:\Program Files (x86)\GitExtensions\;C:\cygwin64\bin;C:\kit\gradle-3.5\bin;C:\Program Files\Java\jdk1.8.0_161\bin;C:\Users\Gothamel\AppData\Local\Microsoft\WindowsApps;C:\Users\Gothamel\AppData\Roaming\npm;C:\Program Files\Microsoft VS Code\bin, APP_HOME=C:\kit\gradle-3.5\bin\.., PATHEXT=.COM;.EXE;.BAT;.CMD;.VBS;.VBE;.JS;.JSE;.WSF;.WSH;.MSC, OS=Windows_NT, COMPUTERNAME=PREDATOR, PROCESSOR_REVISION=9e09, CLASSPATH=C:\kit\gradle-3.5\bin\..\lib\gradle-launcher-3.5.jar, CommonProgramW6432=C:\Program Files\Common Files, ComSpec=C:\WINDOWS\system32\cmd.exe, APP_BASE_NAME=gradle, ProgramData=C:\ProgramData, ProgramW6432=C:\Program Files, HOMEPATH=\Users\Gothamel, SystemRoot=C:\WINDOWS, TEMP=C:\Users\Gothamel\AppData\Local\Temp, HOMEDRIVE=C:, PROCESSOR_IDENTIFIER=Intel64 Family 6 Model 158 Stepping 9, GenuineIntel, USERPROFILE=C:\Users\Gothamel, TMP=C:\Users\Gothamel\AppData\Local\Temp, CommonProgramFiles(x86)=C:\Program Files (x86)\Common Files, ProgramFiles=C:\Program Files, PUBLIC=C:\Users\Public, NUMBER_OF_PROCESSORS=8, windir=C:\WINDOWS, =::=::\, _SKIP=2}}]
11:11:16.816 [Test worker] DEBUG org.springframework.core.io.support.PathMatchingResourcePatternResolver - Resolved classpath location [com/ubb935/halfway/] to resources [URL [file:/C:/GIT/halfway/build/classes/test/com/ubb935/halfway/], URL [file:/C:/GIT/halfway/build/classes/main/com/ubb935/halfway/]]
11:11:16.816 [Test worker] DEBUG org.springframework.core.io.support.PathMatchingResourcePatternResolver - Looking for matching resources in directory tree [C:\GIT\halfway\build\classes\test\com\ubb935\halfway]
11:11:16.816 [Test worker] DEBUG org.springframework.core.io.support.PathMatchingResourcePatternResolver - Searching directory [C:\GIT\halfway\build\classes\test\com\ubb935\halfway] for files matching pattern [C:/GIT/halfway/build/classes/test/com/ubb935/halfway/*.class]
11:11:16.819 [Test worker] DEBUG org.springframework.core.io.support.PathMatchingResourcePatternResolver - Looking for matching resources in directory tree [C:\GIT\halfway\build\classes\main\com\ubb935\halfway]
11:11:16.819 [Test worker] DEBUG org.springframework.core.io.support.PathMatchingResourcePatternResolver - Searching directory [C:\GIT\halfway\build\classes\main\com\ubb935\halfway] for files matching pattern [C:/GIT/halfway/build/classes/main/com/ubb935/halfway/*.class]
11:11:16.821 [Test worker] DEBUG org.springframework.core.io.support.PathMatchingResourcePatternResolver - Resolved location pattern [classpath*:com/ubb935/halfway/*.class] to resources [file [C:\GIT\halfway\build\classes\test\com\ubb935\halfway\HalfwayApplicationTests.class], file [C:\GIT\halfway\build\classes\main\com\ubb935\halfway\HalfwayApplication.class]]
11:11:16.857 [Test worker] DEBUG org.springframework.context.annotation.ClassPathScanningCandidateComponentProvider - Identified candidate component class: file [C:\GIT\halfway\build\classes\main\com\ubb935\halfway\HalfwayApplication.class]
11:11:16.859 [Test worker] INFO org.springframework.boot.test.context.SpringBootTestContextBootstrapper - Found @SpringBootConfiguration com.ubb935.halfway.HalfwayApplication for test class com.ubb935.halfway.HalfwayApplicationTests
11:11:16.862 [Test worker] DEBUG org.springframework.boot.test.context.SpringBootTestContextBootstrapper - @TestExecutionListeners is not present for class [com.ubb935.halfway.HalfwayApplicationTests]: using defaults.
11:11:16.866 [Test worker] INFO org.springframework.boot.test.context.SpringBootTestContextBootstrapper - Loaded default TestExecutionListener class names from location [META-INF/spring.factories]: [org.springframework.security.test.context.support.WithSecurityContextTestExecutionListener, org.springframework.boot.test.mock.mockito.MockitoTestExecutionListener, org.springframework.boot.test.mock.mockito.ResetMocksTestExecutionListener, org.springframework.boot.test.autoconfigure.restdocs.RestDocsTestExecutionListener, org.springframework.boot.test.autoconfigure.web.client.MockRestServiceServerResetTestExecutionListener, org.springframework.boot.test.autoconfigure.web.servlet.MockMvcPrintOnlyOnFailureTestExecutionListener, org.springframework.boot.test.autoconfigure.web.servlet.WebDriverTestExecutionListener, org.springframework.test.context.web.ServletTestExecutionListener, org.springframework.test.context.support.DirtiesContextBeforeModesTestExecutionListener, org.springframework.test.context.support.DependencyInjectionTestExecutionListener, org.springframework.test.context.support.DirtiesContextTestExecutionListener, org.springframework.test.context.transaction.TransactionalTestExecutionListener, org.springframework.test.context.jdbc.SqlScriptsTestExecutionListener]
11:11:16.885 [Test worker] INFO org.springframework.boot.test.context.SpringBootTestContextBootstrapper - Using TestExecutionListeners: [org.springframework.test.context.web.ServletTestExecutionListener@481139cd, org.springframework.test.context.support.DirtiesContextBeforeModesTestExecutionListener@75989aa9, org.springframework.boot.test.autoconfigure.SpringBootDependencyInjectionTestExecutionListener@731064b, org.springframework.test.context.support.DirtiesContextTestExecutionListener@18deab3e, org.springframework.test.context.transaction.TransactionalTestExecutionListener@594026b9, org.springframework.test.context.jdbc.SqlScriptsTestExecutionListener@683cb2ea, org.springframework.security.test.context.support.WithSecurityContextTestExecutionListener@67b0e2f8, org.springframework.boot.test.autoconfigure.restdocs.RestDocsTestExecutionListener@ada226b, org.springframework.boot.test.autoconfigure.web.servlet.MockMvcPrintOnlyOnFailureTestExecutionListener@52f7b867, org.springframework.boot.test.autoconfigure.web.servlet.WebDriverTestExecutionListener@5fd1fb31, org.springframework.boot.test.mock.mockito.MockitoTestExecutionListener@3f166511, org.springframework.boot.test.mock.mockito.ResetMocksTestExecutionListener@6404c1e2, org.springframework.boot.test.autoconfigure.web.client.MockRestServiceServerResetTestExecutionListener@bdf7985]
11:11:16.888 [Test worker] DEBUG org.springframework.test.annotation.ProfileValueUtils - Retrieved @ProfileValueSourceConfiguration [null] for test class [com.ubb935.halfway.HalfwayApplicationTests]
11:11:16.889 [Test worker] DEBUG org.springframework.test.annotation.ProfileValueUtils - Retrieved ProfileValueSource type [class org.springframework.test.annotation.SystemProfileValueSource] for class [com.ubb935.halfway.HalfwayApplicationTests]
11:11:16.889 [Test worker] DEBUG org.springframework.test.annotation.ProfileValueUtils - Retrieved @ProfileValueSourceConfiguration [null] for test class [com.ubb935.halfway.HalfwayApplicationTests]
11:11:16.890 [Test worker] DEBUG org.springframework.test.annotation.ProfileValueUtils - Retrieved ProfileValueSource type [class org.springframework.test.annotation.SystemProfileValueSource] for class [com.ubb935.halfway.HalfwayApplicationTests]
11:11:16.893 [Test worker] DEBUG org.springframework.test.context.support.AbstractDirtiesContextTestExecutionListener - Before test class: context [DefaultTestContext@2d811294 testClass = HalfwayApplicationTests, testInstance = [null], testMethod = [null], testException = [null], mergedContextConfiguration = [WebMergedContextConfiguration@3e077dc3 testClass = HalfwayApplicationTests, locations = '{}', classes = '{class com.ubb935.halfway.HalfwayApplication}', contextInitializerClasses = '[]', activeProfiles = '{}', propertySourceLocations = '{}', propertySourceProperties = '{org.springframework.boot.test.context.SpringBootTestContextBootstrapper=true}', contextCustomizers = set[org.springframework.boot.test.context.SpringBootTestContextCustomizer@131a6f27, org.springframework.boot.test.context.filter.ExcludeFilterContextCustomizer@52d061c1, org.springframework.boot.test.json.DuplicateJsonObjectContextCustomizerFactory$DuplicateJsonObjectContextCustomizer@38014b29, org.springframework.boot.test.mock.mockito.MockitoContextCustomizer@0, org.springframework.boot.test.autoconfigure.properties.PropertyMappingContextCustomizer@0, org.springframework.boot.test.autoconfigure.web.servlet.WebDriverContextCustomizerFactory$Customizer@2cc0f2fb], resourceBasePath = 'src/main/webapp', contextLoader = 'org.springframework.boot.test.context.SpringBootContextLoader', parent = [null]]], class annotated with @DirtiesContext [false] with mode [null].
11:11:16.894 [Test worker] DEBUG org.springframework.test.annotation.ProfileValueUtils - Retrieved @ProfileValueSourceConfiguration [null] for test class [com.ubb935.halfway.HalfwayApplicationTests]
11:11:16.894 [Test worker] DEBUG org.springframework.test.annotation.ProfileValueUtils - Retrieved ProfileValueSource type [class org.springframework.test.annotation.SystemProfileValueSource] for class [com.ubb935.halfway.HalfwayApplicationTests]
11:11:16.950 [Test worker] DEBUG org.springframework.core.env.StandardEnvironment - Adding PropertySource 'systemProperties' with lowest search precedence
11:11:16.950 [Test worker] DEBUG org.springframework.core.env.StandardEnvironment - Adding PropertySource 'systemEnvironment' with lowest search precedence
11:11:16.951 [Test worker] DEBUG org.springframework.core.env.StandardEnvironment - Initialized StandardEnvironment with PropertySources [MapPropertySource@1216061902 {name='systemProperties', properties={java.runtime.name=Java(TM) SE Runtime Environment, sun.boot.library.path=C:\Program Files\Java\jdk1.8.0_161\jre\bin, java.vm.version=25.161-b12, java.vm.vendor=Oracle Corporation, java.vendor.url=http://java.oracle.com/, path.separator=;, java.vm.name=Java HotSpot(TM) 64-Bit Server VM, file.encoding.pkg=sun.io, user.script=, sun.java.launcher=SUN_STANDARD, user.country=US, sun.os.patch.level=, java.vm.specification.name=Java Virtual Machine Specification, user.dir=C:\GIT\halfway, java.runtime.version=1.8.0_161-b12, java.awt.graphicsenv=sun.awt.Win32GraphicsEnvironment, java.endorsed.dirs=C:\Program Files\Java\jdk1.8.0_161\jre\lib\endorsed, os.arch=amd64, java.io.tmpdir=C:\Users\Gothamel\AppData\Local\Temp\, line.separator=
, java.vm.specification.vendor=Oracle Corporation, user.variant=, os.name=Windows 10, sun.jnu.encoding=Cp1252, java.library.path=C:\Program Files\Java\jdk1.8.0_161\bin;C:\WINDOWS\Sun\Java\bin;C:\WINDOWS\system32;C:\WINDOWS;C:\WINDOWS\system32;C:\WINDOWS;C:\WINDOWS\System32\Wbem;C:\WINDOWS\System32\WindowsPowerShell\v1.0\;C:\Program Files\nodejs\;C:\Program Files (x86)\Git\cmd;C:\Program Files (x86)\GitExtensions\;C:\cygwin64\bin;C:\kit\gradle-3.5\bin;C:\Program Files\Java\jdk1.8.0_161\bin;C:\Users\Gothamel\AppData\Local\Microsoft\WindowsApps;C:\Users\Gothamel\AppData\Roaming\npm;C:\Program Files\Microsoft VS Code\bin;., java.specification.name=Java Platform API Specification, java.class.version=52.0, sun.management.compiler=HotSpot 64-Bit Tiered Compilers, os.version=10.0, user.home=C:\Users\Gothamel, user.timezone=Europe/Athens, java.awt.printerjob=sun.awt.windows.WPrinterJob, file.encoding=windows-1252, java.specification.version=1.8, java.class.path=C:\GIT\halfway\build\classes\test;C:\GIT\halfway\build\resources\test;C:\GIT\halfway\build\classes\main;C:\GIT\halfway\build\resources\main;C:\Users\Gothamel\.gradle\caches\modules-2\files-2.1\io.jsonwebtoken\jjwt\0.9.0\64e3ed8a5f0bc93ecea592a0b3280f995efbdfe9\jjwt-0.9.0.jar;C:\Users\Gothamel\.gradle\caches\modules-2\files-2.1\org.springframework.boot\spring-boot-starter-data-jpa\1.5.7.RELEASE\ccdf14487724b7c1343e5d2605f7170c026e405\spring-boot-starter-data-jpa-1.5.7.RELEASE.jar;C:\Users\Gothamel\.gradle\caches\modules-2\files-2.1\org.springframework.boot\spring-boot-starter-security\1.5.7.RELEASE\e680aa1a8990a6e98e7a843c88f0a8bc378bb4d\spring-boot-starter-security-1.5.7.RELEASE.jar;C:\Users\Gothamel\.gradle\caches\modules-2\files-2.1\org.springframework.boot\spring-boot-starter-tomcat\1.5.7.RELEASE\eae533e2a0111a51d812912acb3d3e2368736d1b\spring-boot-starter-tomcat-1.5.7.RELEASE.jar;C:\Users\Gothamel\.gradle\caches\modules-2\files-2.1\org.springframework.boot\spring-boot-starter-web\1.5.7.RELEASE\a862305be8b7512a41f6768d825ed37251ccbbe0\spring-boot-starter-web-1.5.7.RELEASE.jar;C:\Users\Gothamel\.gradle\caches\modules-2\files-2.1\org.postgresql\postgresql\9.4.1212.jre7\7101612950488be0ff6882bcc27aa0f0a4c202dd\postgresql-9.4.1212.jre7.jar;C:\Users\Gothamel\.gradle\caches\modules-2\files-2.1\org.springframework.boot\spring-boot-starter-test\1.5.7.RELEASE\d23f37a72c2d4e46aba66bc69a649213f9cadeee\spring-boot-starter-test-1.5.7.RELEASE.jar;C:\Users\Gothamel\.gradle\caches\modules-2\files-2.1\org.springframework.restdocs\spring-restdocs-mockmvc\1.1.3.RELEASE\1872dbe34889dafaec5aec016344e8875bbc1f92\spring-restdocs-mockmvc-1.1.3.RELEASE.jar;C:\Users\Gothamel\.gradle\caches\modules-2\files-2.1\org.springframework.security\spring-security-test\4.2.3.RELEASE\f93339f597290d85a596f25a7841b9109b79ced6\spring-security-test-4.2.3.RELEASE.jar;C:\Users\Gothamel\.gradle\caches\modules-2\files-2.1\com.fasterxml.jackson.core\jackson-databind\2.8.10\f7b83cb2bc4b88d53961e749e1ad32f49ef017b7\jackson-databind-2.8.10.jar;C:\Users\Gothamel\.gradle\caches\modules-2\files-2.1\org.springframework.boot\spring-boot-starter\1.5.7.RELEASE\b42fe6962dd8b3be4ac8c1d7134d0ca2d0a35c7e\spring-boot-starter-1.5.7.RELEASE.jar;C:\Users\Gothamel\.gradle\caches\modules-2\files-2.1\org.springframework.boot\spring-boot-starter-aop\1.5.7.RELEASE\189098a72ccc0cca07ea42d6715c10524b5a93d1\spring-boot-starter-aop-1.5.7.RELEASE.jar;C:\Users\Gothamel\.gradle\caches\modules-2\files-2.1\org.springframework.boot\spring-boot-starter-jdbc\1.5.7.RELEASE\98c652a5461ccbec70b55fd0f7815d9c9a37a082\spring-boot-starter-jdbc-1.5.7.RELEASE.jar;C:\Users\Gothamel\.gradle\caches\modules-2\files-2.1\org.hibernate\hibernate-core\5.0.12.Final\e58bf1c660e6706d8e2cbb53bae110f574366102\hibernate-core-5.0.12.Final.jar;C:\Users\Gothamel\.gradle\caches\modules-2\files-2.1\org.hibernate\hibernate-entitymanager\5.0.12.Final\302a526f5058290e9cbd719a5caf9f248d344719\hibernate-entitymanager-5.0.12.Final.jar;C:\Users\Gothamel\.gradle\caches\modules-2\files-2.1\javax.transaction\javax.transaction-api\1.2\d81aff979d603edd90dcd8db2abc1f4ce6479e3e\javax.transaction-api-1.2.jar;C:\Users\Gothamel\.gradle\caches\modules-2\files-2.1\org.springframework.data\spring-data-jpa\1.11.7.RELEASE\587051cc7d7a3ddfac6098d623a658abb2f15865\spring-data-jpa-1.11.7.RELEASE.jar;C:\Users\Gothamel\.gradle\caches\modules-2\files-2.1\org.springframework\spring-aspects\4.3.11.RELEASE\38ab744d37aef58762a03dbe7ab1479070ebadc6\spring-aspects-4.3.11.RELEASE.jar;C:\Users\Gothamel\.gradle\caches\modules-2\files-2.1\org.springframework\spring-aop\4.3.11.RELEASE\461d0bb58f1de30203d9331adf4b51de9554de5a\spring-aop-4.3.11.RELEASE.jar;C:\Users\Gothamel\.gradle\caches\modules-2\files-2.1\org.springframework.security\spring-security-config\4.2.3.RELEASE\9f3771903616e33521836fd999d63efbfebf90d\spring-security-config-4.2.3.RELEASE.jar;C:\Users\Gothamel\.gradle\caches\modules-2\files-2.1\org.springframework.security\spring-security-web\4.2.3.RELEASE\7a03e737484ca232d7146852f06d067ac21427ac\spring-security-web-4.2.3.RELEASE.jar;C:\Users\Gothamel\.gradle\caches\modules-2\files-2.1\org.apache.tomcat.embed\tomcat-embed-core\8.5.20\b9026ee20f1f6a2b0fc3e51dd806d800901448b0\tomcat-embed-core-8.5.20.jar;C:\Users\Gothamel\.gradle\caches\modules-2\files-2.1\org.apache.tomcat.embed\tomcat-embed-el\8.5.20\42960f481a8a80f4ffd3b865c2232820e3565bf1\tomcat-embed-el-8.5.20.jar;C:\Users\Gothamel\.gradle\caches\modules-2\files-2.1\org.apache.tomcat.embed\tomcat-embed-websocket\8.5.20\4df9055507926a2651f691cc9964c50493a0ab29\tomcat-embed-websocket-8.5.20.jar;C:\Users\Gothamel\.gradle\caches\modules-2\files-2.1\org.hibernate\hibernate-validator\5.3.5.Final\622a9bcef2eed6d41b5b8e0662c36212009e375\hibernate-validator-5.3.5.Final.jar;C:\Users\Gothamel\.gradle\caches\modules-2\files-2.1\org.springframework\spring-web\4.3.11.RELEASE\50a3dfce550bdf9459dfb2c6282aa104b040258e\spring-web-4.3.11.RELEASE.jar;C:\Users\Gothamel\.gradle\caches\modules-2\files-2.1\org.springframework\spring-webmvc\4.3.11.RELEASE\814f91ec4dc324e724bbe7cbc5045b234604c539\spring-webmvc-4.3.11.RELEASE.jar;C:\Users\Gothamel\.gradle\caches\modules-2\files-2.1\org.springframework.boot\spring-boot-test\1.5.7.RELEASE\b8d77445d48f4320f404d8f13f4e5cb95bc36b30\spring-boot-test-1.5.7.RELEASE.jar;C:\Users\Gothamel\.gradle\caches\modules-2\files-2.1\org.springframework.boot\spring-boot-test-autoconfigure\1.5.7.RELEASE\8bead16b97c9f1b5fe7c47f3e030dd9351a6974d\spring-boot-test-autoconfigure-1.5.7.RELEASE.jar;C:\Users\Gothamel\.gradle\caches\modules-2\files-2.1\com.jayway.jsonpath\json-path\2.2.0\22290d17944bd239fabf5ac69005a60a7ecbbbcb\json-path-2.2.0.jar;C:\Users\Gothamel\.gradle\caches\modules-2\files-2.1\junit\junit\4.12\2973d150c0dc1fefe998f834810d68f278ea58ec\junit-4.12.jar;C:\Users\Gothamel\.gradle\caches\modules-2\files-2.1\org.assertj\assertj-core\2.6.0\b532c3fc4f66bcfee4989a3514f1cd56203a33ad\assertj-core-2.6.0.jar;C:\Users\Gothamel\.gradle\caches\modules-2\files-2.1\org.mockito\mockito-core\1.10.19\e8546f5bef4e061d8dd73895b4e8f40e3fe6effe\mockito-core-1.10.19.jar;C:\Users\Gothamel\.gradle\caches\modules-2\files-2.1\org.hamcrest\hamcrest-core\1.3\42a25dc3219429f0e5d060061f71acb49bf010a0\hamcrest-core-1.3.jar;C:\Users\Gothamel\.gradle\caches\modules-2\files-2.1\org.hamcrest\hamcrest-library\1.3\4785a3c21320980282f9f33d0d1264a69040538f\hamcrest-library-1.3.jar;C:\Users\Gothamel\.gradle\caches\modules-2\files-2.1\org.skyscreamer\jsonassert\1.4.0\9cdbb373a06f6513e51e8c545ee6a5e981463edb\jsonassert-1.4.0.jar;C:\Users\Gothamel\.gradle\caches\modules-2\files-2.1\org.springframework\spring-core\4.3.11.RELEASE\eb30ed093f628279d3aead068fd478fa343f1dad\spring-core-4.3.11.RELEASE.jar;C:\Users\Gothamel\.gradle\caches\modules-2\files-2.1\org.springframework\spring-test\4.3.11.RELEASE\cf765b5d6d6bdc38c67522ecae3fe9549da43e1\spring-test-4.3.11.RELEASE.jar;C:\Users\Gothamel\.gradle\caches\modules-2\files-2.1\org.springframework.restdocs\spring-restdocs-core\1.1.3.RELEASE\aa6c3751d3d1b897172e9978865a558c69d7a3a9\spring-restdocs-core-1.1.3.RELEASE.jar;C:\Users\Gothamel\.gradle\caches\modules-2\files-2.1\org.springframework.security\spring-security-core\4.2.3.RELEASE\5c0e47a47036c94d6fdd02696bf52be6d1adbd4d\spring-security-core-4.2.3.RELEASE.jar;C:\Users\Gothamel\.gradle\caches\modules-2\files-2.1\com.fasterxml.jackson.core\jackson-annotations\2.8.0\45b426f7796b741035581a176744d91090e2e6fb\jackson-annotations-2.8.0.jar;C:\Users\Gothamel\.gradle\caches\modules-2\files-2.1\com.fasterxml.jackson.core\jackson-core\2.8.10\eb21a035c66ad307e66ec8fce37f5d50fd62d039\jackson-core-2.8.10.jar;C:\Users\Gothamel\.gradle\caches\modules-2\files-2.1\org.springframework.boot\spring-boot\1.5.7.RELEASE\1006870df7b3dc203df7ce84463c5dd7049fdaa4\spring-boot-1.5.7.RELEASE.jar;C:\Users\Gothamel\.gradle\caches\modules-2\files-2.1\org.springframework.boot\spring-boot-autoconfigure\1.5.7.RELEASE\e83f1407ff991e9e7eb156f49fa19d868bb73289\spring-boot-autoconfigure-1.5.7.RELEASE.jar;C:\Users\Gothamel\.gradle\caches\modules-2\files-2.1\org.springframework.boot\spring-boot-starter-logging\1.5.7.RELEASE\c84c4ea09d7f789a0d5e936a961471e5dbd9295e\spring-boot-starter-logging-1.5.7.RELEASE.jar;C:\Users\Gothamel\.gradle\caches\modules-2\files-2.1\org.yaml\snakeyaml\1.17\7a27ea250c5130b2922b86dea63cbb1cc10a660c\snakeyaml-1.17.jar;C:\Users\Gothamel\.gradle\caches\modules-2\files-2.1\org.aspectj\aspectjweaver\1.8.10\e198c5fee28988c355f74e06461614eae36b2032\aspectjweaver-1.8.10.jar;C:\Users\Gothamel\.gradle\caches\modules-2\files-2.1\org.apache.tomcat\tomcat-jdbc\8.5.20\10d0d288d837ddfc92096920e4571054a3934160\tomcat-jdbc-8.5.20.jar;C:\Users\Gothamel\.gradle\caches\modules-2\files-2.1\org.springframework\spring-jdbc\4.3.11.RELEASE\642ed7497d327f299caccb930af6b65e229864c4\spring-jdbc-4.3.11.RELEASE.jar;C:\Users\Gothamel\.gradle\caches\modules-2\files-2.1\org.jboss.logging\jboss-logging\3.3.1.Final\c46217ab74b532568c0ed31dc599db3048bd1b67\jboss-logging-3.3.1.Final.jar;C:\Users\Gothamel\.gradle\caches\modules-2\files-2.1\org.hibernate.javax.persistence\hibernate-jpa-2.1-api\1.0.0.Final\5e731d961297e5a07290bfaf3db1fbc8bbbf405a\hibernate-jpa-2.1-api-1.0.0.Final.jar;C:\Users\Gothamel\.gradle\caches\modules-2\files-2.1\org.javassist\javassist\3.21.0-GA\598244f595db5c5fb713731eddbb1c91a58d959b\javassist-3.21.0-GA.jar;C:\Users\Gothamel\.gradle\caches\modules-2\files-2.1\antlr\antlr\2.7.7\83cd2cd674a217ade95a4bb83a8a14f351f48bd0\antlr-2.7.7.jar;C:\Users\Gothamel\.gradle\caches\modules-2\files-2.1\org.jboss\jandex\2.0.0.Final\3e899258936f94649c777193e1be846387ed54b3\jandex-2.0.0.Final.jar;C:\Users\Gothamel\.gradle\caches\modules-2\files-2.1\dom4j\dom4j\1.6.1\5d3ccc056b6f056dbf0dddfdf43894b9065a8f94\dom4j-1.6.1.jar;C:\Users\Gothamel\.gradle\caches\modules-2\files-2.1\org.hibernate.common\hibernate-commons-annotations\5.0.1.Final\71e1cff3fcb20d3b3af4f3363c3ddb24d33c6879\hibernate-commons-annotations-5.0.1.Final.jar;C:\Users\Gothamel\.gradle\caches\modules-2\files-2.1\org.springframework.data\spring-data-commons\1.13.7.RELEASE\cf4538abda1f0a9cf2323d6e4204df0130aeec73\spring-data-commons-1.13.7.RELEASE.jar;C:\Users\Gothamel\.gradle\caches\modules-2\files-2.1\org.springframework\spring-orm\4.3.11.RELEASE\7ba1b25ad62b29295aa90ae88f9f35e84861953c\spring-orm-4.3.11.RELEASE.jar;C:\Users\Gothamel\.gradle\caches\modules-2\files-2.1\org.springframework\spring-context\4.3.11.RELEASE\3efec2d7c7469d49108a2b21c3f15831f7297569\spring-context-4.3.11.RELEASE.jar;C:\Users\Gothamel\.gradle\caches\modules-2\files-2.1\org.springframework\spring-tx\4.3.11.RELEASE\c931ee363d2269f03edfeb83d7d7fe23924ab8a1\spring-tx-4.3.11.RELEASE.jar;C:\Users\Gothamel\.gradle\caches\modules-2\files-2.1\org.springframework\spring-beans\4.3.11.RELEASE\591cc35fd39292adae13f01aa13e978d0bb11936\spring-beans-4.3.11.RELEASE.jar;C:\Users\Gothamel\.gradle\caches\modules-2\files-2.1\org.slf4j\slf4j-api\1.7.25\da76ca59f6a57ee3102f8f9bd9cee742973efa8a\slf4j-api-1.7.25.jar;C:\Users\Gothamel\.gradle\caches\modules-2\files-2.1\org.slf4j\jcl-over-slf4j\1.7.25\f8c32b13ff142a513eeb5b6330b1588dcb2c0461\jcl-over-slf4j-1.7.25.jar;C:\Users\Gothamel\.gradle\caches\modules-2\files-2.1\aopalliance\aopalliance\1.0\235ba8b489512805ac13a8f9ea77a1ca5ebe3e8\aopalliance-1.0.jar;C:\Users\Gothamel\.gradle\caches\modules-2\files-2.1\org.springframework\spring-expression\4.3.11.RELEASE\fca662a2fccdad90ec22b2aaecb021047dcbe249\spring-expression-4.3.11.RELEASE.jar;C:\Users\Gothamel\.gradle\caches\modules-2\files-2.1\javax.validation\validation-api\1.1.0.Final\8613ae82954779d518631e05daa73a6a954817d5\validation-api-1.1.0.Final.jar;C:\Users\Gothamel\.gradle\caches\modules-2\files-2.1\com.fasterxml\classmate\1.3.4\3d5f48f10bbe4eb7bd862f10c0583be2e0053c6\classmate-1.3.4.jar;C:\Users\Gothamel\.gradle\caches\modules-2\files-2.1\net.minidev\json-smart\2.2.1\5b9e5df7a62d1279b70dc882b041d249c4f0b002\json-smart-2.2.1.jar;C:\Users\Gothamel\.gradle\caches\modules-2\files-2.1\org.objenesis\objenesis\2.1\87c0ea803b69252868d09308b4618f766f135a96\objenesis-2.1.jar;C:\Users\Gothamel\.gradle\caches\modules-2\files-2.1\com.vaadin.external.google\android-json\0.0.20131108.vaadin1\fa26d351fe62a6a17f5cda1287c1c6110dec413f\android-json-0.0.20131108.vaadin1.jar;C:\Users\Gothamel\.gradle\caches\modules-2\files-2.1\javax.servlet\javax.servlet-api\3.1.0\3cd63d075497751784b2fa84be59432f4905bf7c\javax.servlet-api-3.1.0.jar;C:\Users\Gothamel\.gradle\caches\modules-2\files-2.1\ch.qos.logback\logback-classic\1.1.11\ccedfbacef4a6515d2983e3f89ed753d5d4fb665\logback-classic-1.1.11.jar;C:\Users\Gothamel\.gradle\caches\modules-2\files-2.1\org.slf4j\jul-to-slf4j\1.7.25\af5364cd6679bfffb114f0dec8a157aaa283b76\jul-to-slf4j-1.7.25.jar;C:\Users\Gothamel\.gradle\caches\modules-2\files-2.1\org.slf4j\log4j-over-slf4j\1.7.25\a87bb47468f47ee7aabbd54f93e133d4215769c3\log4j-over-slf4j-1.7.25.jar;C:\Users\Gothamel\.gradle\caches\modules-2\files-2.1\org.apache.tomcat\tomcat-juli\8.5.20\6c0579d329696059f377585d2a51455bf083d9ee\tomcat-juli-8.5.20.jar;C:\Users\Gothamel\.gradle\caches\modules-2\files-2.1\net.minidev\accessors-smart\1.1\a527213f2fea112a04c9bdf0ec0264e34104cd08\accessors-smart-1.1.jar;C:\Users\Gothamel\.gradle\caches\modules-2\files-2.1\ch.qos.logback\logback-core\1.1.11\88b8df40340eed549fb07e2613879bf6b006704d\logback-core-1.1.11.jar;C:\Users\Gothamel\.gradle\caches\modules-2\files-2.1\org.ow2.asm\asm\5.0.3\dcc2193db20e19e1feca8b1240dbbc4e190824fa\asm-5.0.3.jar, user.name=Gothamel, java.vm.specification.version=1.8, sun.java.command=worker.org.gradle.process.internal.worker.GradleWorkerMain 'Gradle Test Executor 1', java.home=C:\Program Files\Java\jdk1.8.0_161\jre, sun.arch.data.model=64, user.language=en, java.specification.vendor=Oracle Corporation, awt.toolkit=sun.awt.windows.WToolkit, java.vm.info=mixed mode, java.version=1.8.0_161, java.ext.dirs=C:\Program Files\Java\jdk1.8.0_161\jre\lib\ext;C:\WINDOWS\Sun\Java\lib\ext, sun.boot.class.path=C:\Program Files\Java\jdk1.8.0_161\jre\lib\resources.jar;C:\Program Files\Java\jdk1.8.0_161\jre\lib\rt.jar;C:\Program Files\Java\jdk1.8.0_161\jre\lib\sunrsasign.jar;C:\Program Files\Java\jdk1.8.0_161\jre\lib\jsse.jar;C:\Program Files\Java\jdk1.8.0_161\jre\lib\jce.jar;C:\Program Files\Java\jdk1.8.0_161\jre\lib\charsets.jar;C:\Program Files\Java\jdk1.8.0_161\jre\lib\jfr.jar;C:\Program Files\Java\jdk1.8.0_161\jre\classes, java.vendor=Oracle Corporation, org.gradle.test.worker=1, file.separator=\, java.vendor.url.bug=http://bugreport.sun.com/bugreport/, sun.io.unicode.encoding=UnicodeLittle, sun.cpu.endian=little, sun.desktop=windows, sun.cpu.isalist=amd64}}, SystemEnvironmentPropertySource@888779299 {name='systemEnvironment', properties={USERDOMAIN_ROAMINGPROFILE=PREDATOR, LOCALAPPDATA=C:\Users\Gothamel\AppData\Local, PROCESSOR_LEVEL=6, USERDOMAIN=PREDATOR, LOGONSERVER=\\PREDATOR, PROMPT=$P$G, SESSIONNAME=Console, ALLUSERSPROFILE=C:\ProgramData, PROCESSOR_ARCHITECTURE=AMD64, PSModulePath=C:\Program Files\WindowsPowerShell\Modules;C:\WINDOWS\system32\WindowsPowerShell\v1.0\Modules, SystemDrive=C:, =ExitCode=00000000, OneDrive=C:\Users\Gothamel\OneDrive, =C:=C:\GIT\halfway, APPDATA=C:\Users\Gothamel\AppData\Roaming, DIRNAME=C:\kit\gradle-3.5\bin\, JAVA_EXE=java.exe, USERNAME=Gothamel, CMD_LINE_ARGS=build, ProgramFiles(x86)=C:\Program Files (x86), VBOX_MSI_INSTALL_PATH=C:\Program Files\Oracle\VirtualBox\, CommonProgramFiles=C:\Program Files\Common Files, Path=C:\WINDOWS\system32;C:\WINDOWS;C:\WINDOWS\System32\Wbem;C:\WINDOWS\System32\WindowsPowerShell\v1.0\;C:\Program Files\nodejs\;C:\Program Files (x86)\Git\cmd;C:\Program Files (x86)\GitExtensions\;C:\cygwin64\bin;C:\kit\gradle-3.5\bin;C:\Program Files\Java\jdk1.8.0_161\bin;C:\Users\Gothamel\AppData\Local\Microsoft\WindowsApps;C:\Users\Gothamel\AppData\Roaming\npm;C:\Program Files\Microsoft VS Code\bin, APP_HOME=C:\kit\gradle-3.5\bin\.., PATHEXT=.COM;.EXE;.BAT;.CMD;.VBS;.VBE;.JS;.JSE;.WSF;.WSH;.MSC, OS=Windows_NT, COMPUTERNAME=PREDATOR, PROCESSOR_REVISION=9e09, CLASSPATH=C:\kit\gradle-3.5\bin\..\lib\gradle-launcher-3.5.jar, CommonProgramW6432=C:\Program Files\Common Files, ComSpec=C:\WINDOWS\system32\cmd.exe, APP_BASE_NAME=gradle, ProgramData=C:\ProgramData, ProgramW6432=C:\Program Files, HOMEPATH=\Users\Gothamel, SystemRoot=C:\WINDOWS, TEMP=C:\Users\Gothamel\AppData\Local\Temp, HOMEDRIVE=C:, PROCESSOR_IDENTIFIER=Intel64 Family 6 Model 158 Stepping 9, GenuineIntel, USERPROFILE=C:\Users\Gothamel, TMP=C:\Users\Gothamel\AppData\Local\Temp, CommonProgramFiles(x86)=C:\Program Files (x86)\Common Files, ProgramFiles=C:\Program Files, PUBLIC=C:\Users\Public, NUMBER_OF_PROCESSORS=8, windir=C:\WINDOWS, =::=::\, _SKIP=2}}]
11:11:16.954 [Test worker] DEBUG org.springframework.core.env.MutablePropertySources - Adding PropertySource 'inline' with highest search precedence
11:11:16.961 [Test worker] DEBUG org.springframework.test.context.support.TestPropertySourceUtils - Adding inlined properties to environment: {spring.jmx.enabled=false, org.springframework.boot.test.context.SpringBootTestContextBootstrapper=true, server.port=-1}
11:11:16.962 [Test worker] DEBUG org.springframework.core.env.StandardEnvironment - Adding PropertySource 'Inlined Test Properties' with highest search precedence

  .   ____          _            __ _ _
 /\\ / ___'_ __ _ _(_)_ __  __ _ \ \ \ \
( ( )\___ | '_ | '_| | '_ \/ _` | \ \ \ \
 \\/  ___)| |_)| | | | | || (_| |  ) ) ) )
  '  |____| .__|_| |_|_| |_\__, | / / / /
 =========|_|==============|___/=/_/_/_/
 :: Spring Boot ::        (v1.5.7.RELEASE)

2018-03-27 11:11:17.179  INFO 2808 --- [    Test worker] c.u.halfway.HalfwayApplicationTests      : Starting HalfwayApplicationTests on PREDATOR with PID 2808 (started by Gothamel in C:\GIT\halfway)
2018-03-27 11:11:17.180  INFO 2808 --- [    Test worker] c.u.halfway.HalfwayApplicationTests      : No active profile set, falling back to default profiles: default
2018-03-27 11:11:17.211  INFO 2808 --- [    Test worker] o.s.w.c.s.GenericWebApplicationContext   : Refreshing org.springframework.web.context.support.GenericWebApplicationContext@1fd51d34: startup date [Tue Mar 27 11:11:17 EEST 2018]; root of context hierarchy
2018-03-27 11:11:19.886 ERROR 2808 --- [    Test worker] o.a.tomcat.jdbc.pool.ConnectionPool      : Unable to create initial connections of pool.

org.postgresql.util.PSQLException: Connection to localhost:5432 refused. Check that the hostname and port are correct and that the postmaster is accepting TCP/IP connections.
	at org.postgresql.core.v3.ConnectionFactoryImpl.openConnectionImpl(ConnectionFactoryImpl.java:262) ~[postgresql-9.4.1212.jre7.jar:9.4.1212.jre7]
	at org.postgresql.core.ConnectionFactory.openConnection(ConnectionFactory.java:51) ~[postgresql-9.4.1212.jre7.jar:9.4.1212.jre7]
	at org.postgresql.jdbc.PgConnection.<init>(PgConnection.java:215) ~[postgresql-9.4.1212.jre7.jar:9.4.1212.jre7]
	at org.postgresql.Driver.makeConnection(Driver.java:404) ~[postgresql-9.4.1212.jre7.jar:9.4.1212.jre7]
	at org.postgresql.Driver.connect(Driver.java:272) ~[postgresql-9.4.1212.jre7.jar:9.4.1212.jre7]
	at org.apache.tomcat.jdbc.pool.PooledConnection.connectUsingDriver(PooledConnection.java:310) ~[tomcat-jdbc-8.5.20.jar:na]
	at org.apache.tomcat.jdbc.pool.PooledConnection.connect(PooledConnection.java:203) ~[tomcat-jdbc-8.5.20.jar:na]
	at org.apache.tomcat.jdbc.pool.ConnectionPool.createConnection(ConnectionPool.java:735) [tomcat-jdbc-8.5.20.jar:na]
	at org.apache.tomcat.jdbc.pool.ConnectionPool.borrowConnection(ConnectionPool.java:667) [tomcat-jdbc-8.5.20.jar:na]
	at org.apache.tomcat.jdbc.pool.ConnectionPool.init(ConnectionPool.java:482) [tomcat-jdbc-8.5.20.jar:na]
	at org.apache.tomcat.jdbc.pool.ConnectionPool.<init>(ConnectionPool.java:154) [tomcat-jdbc-8.5.20.jar:na]
	at org.apache.tomcat.jdbc.pool.DataSourceProxy.pCreatePool(DataSourceProxy.java:118) [tomcat-jdbc-8.5.20.jar:na]
	at org.apache.tomcat.jdbc.pool.DataSourceProxy.createPool(DataSourceProxy.java:107) [tomcat-jdbc-8.5.20.jar:na]
	at org.apache.tomcat.jdbc.pool.DataSourceProxy.getConnection(DataSourceProxy.java:131) [tomcat-jdbc-8.5.20.jar:na]
	at org.springframework.jdbc.datasource.DataSourceUtils.doGetConnection(DataSourceUtils.java:111) [spring-jdbc-4.3.11.RELEASE.jar:4.3.11.RELEASE]
	at org.springframework.jdbc.datasource.DataSourceUtils.getConnection(DataSourceUtils.java:77) [spring-jdbc-4.3.11.RELEASE.jar:4.3.11.RELEASE]
	at org.springframework.jdbc.support.JdbcUtils.extractDatabaseMetaData(JdbcUtils.java:326) [spring-jdbc-4.3.11.RELEASE.jar:4.3.11.RELEASE]
	at org.springframework.jdbc.support.JdbcUtils.extractDatabaseMetaData(JdbcUtils.java:366) [spring-jdbc-4.3.11.RELEASE.jar:4.3.11.RELEASE]
	at org.springframework.boot.autoconfigure.orm.jpa.DatabaseLookup.getDatabase(DatabaseLookup.java:72) [spring-boot-autoconfigure-1.5.7.RELEASE.jar:1.5.7.RELEASE]
	at org.springframework.boot.autoconfigure.orm.jpa.JpaProperties.determineDatabase(JpaProperties.java:139) [spring-boot-autoconfigure-1.5.7.RELEASE.jar:1.5.7.RELEASE]
	at org.springframework.boot.autoconfigure.orm.jpa.JpaBaseConfiguration.jpaVendorAdapter(JpaBaseConfiguration.java:105) [spring-boot-autoconfigure-1.5.7.RELEASE.jar:1.5.7.RELEASE]
	at org.springframework.boot.autoconfigure.orm.jpa.HibernateJpaAutoConfiguration$$EnhancerBySpringCGLIB$$6ebd0542.CGLIB$jpaVendorAdapter$6(<generated>) [spring-boot-autoconfigure-1.5.7.RELEASE.jar:1.5.7.RELEASE]
	at org.springframework.boot.autoconfigure.orm.jpa.HibernateJpaAutoConfiguration$$EnhancerBySpringCGLIB$$6ebd0542$$FastClassBySpringCGLIB$$77c68172.invoke(<generated>) [spring-boot-autoconfigure-1.5.7.RELEASE.jar:1.5.7.RELEASE]
	at org.springframework.cglib.proxy.MethodProxy.invokeSuper(MethodProxy.java:228) [spring-core-4.3.11.RELEASE.jar:4.3.11.RELEASE]
	at org.springframework.context.annotation.ConfigurationClassEnhancer$BeanMethodInterceptor.intercept(ConfigurationClassEnhancer.java:358) [spring-context-4.3.11.RELEASE.jar:4.3.11.RELEASE]
	at org.springframework.boot.autoconfigure.orm.jpa.HibernateJpaAutoConfiguration$$EnhancerBySpringCGLIB$$6ebd0542.jpaVendorAdapter(<generated>) [spring-boot-autoconfigure-1.5.7.RELEASE.jar:1.5.7.RELEASE]
	at sun.reflect.NativeMethodAccessorImpl.invoke0(Native Method) ~[na:1.8.0_161]
	at sun.reflect.NativeMethodAccessorImpl.invoke(NativeMethodAccessorImpl.java:62) ~[na:1.8.0_161]
	at sun.reflect.DelegatingMethodAccessorImpl.invoke(DelegatingMethodAccessorImpl.java:43) ~[na:1.8.0_161]
	at java.lang.reflect.Method.invoke(Method.java:498) ~[na:1.8.0_161]
	at org.springframework.beans.factory.support.SimpleInstantiationStrategy.instantiate(SimpleInstantiationStrategy.java:162) [spring-beans-4.3.11.RELEASE.jar:4.3.11.RELEASE]
	at org.springframework.beans.factory.support.ConstructorResolver.instantiateUsingFactoryMethod(ConstructorResolver.java:588) [spring-beans-4.3.11.RELEASE.jar:4.3.11.RELEASE]
	at org.springframework.beans.factory.support.AbstractAutowireCapableBeanFactory.instantiateUsingFactoryMethod(AbstractAutowireCapableBeanFactory.java:1173) [spring-beans-4.3.11.RELEASE.jar:4.3.11.RELEASE]
	at org.springframework.beans.factory.support.AbstractAutowireCapableBeanFactory.createBeanInstance(AbstractAutowireCapableBeanFactory.java:1067) [spring-beans-4.3.11.RELEASE.jar:4.3.11.RELEASE]
	at org.springframework.beans.factory.support.AbstractAutowireCapableBeanFactory.doCreateBean(AbstractAutowireCapableBeanFactory.java:513) [spring-beans-4.3.11.RELEASE.jar:4.3.11.RELEASE]
	at org.springframework.beans.factory.support.AbstractAutowireCapableBeanFactory.createBean(AbstractAutowireCapableBeanFactory.java:483) [spring-beans-4.3.11.RELEASE.jar:4.3.11.RELEASE]
	at org.springframework.beans.factory.support.AbstractBeanFactory$1.getObject(AbstractBeanFactory.java:306) [spring-beans-4.3.11.RELEASE.jar:4.3.11.RELEASE]
	at org.springframework.beans.factory.support.DefaultSingletonBeanRegistry.getSingleton(DefaultSingletonBeanRegistry.java:230) [spring-beans-4.3.11.RELEASE.jar:4.3.11.RELEASE]
	at org.springframework.beans.factory.support.AbstractBeanFactory.doGetBean(AbstractBeanFactory.java:302) [spring-beans-4.3.11.RELEASE.jar:4.3.11.RELEASE]
	at org.springframework.beans.factory.support.AbstractBeanFactory.getBean(AbstractBeanFactory.java:202) [spring-beans-4.3.11.RELEASE.jar:4.3.11.RELEASE]
	at org.springframework.beans.factory.config.DependencyDescriptor.resolveCandidate(DependencyDescriptor.java:208) [spring-beans-4.3.11.RELEASE.jar:4.3.11.RELEASE]
	at org.springframework.beans.factory.support.DefaultListableBeanFactory.doResolveDependency(DefaultListableBeanFactory.java:1138) [spring-beans-4.3.11.RELEASE.jar:4.3.11.RELEASE]
	at org.springframework.beans.factory.support.DefaultListableBeanFactory.resolveDependency(DefaultListableBeanFactory.java:1066) [spring-beans-4.3.11.RELEASE.jar:4.3.11.RELEASE]
	at org.springframework.beans.factory.support.ConstructorResolver.resolveAutowiredArgument(ConstructorResolver.java:835) [spring-beans-4.3.11.RELEASE.jar:4.3.11.RELEASE]
	at org.springframework.beans.factory.support.ConstructorResolver.createArgumentArray(ConstructorResolver.java:741) [spring-beans-4.3.11.RELEASE.jar:4.3.11.RELEASE]
	at org.springframework.beans.factory.support.ConstructorResolver.instantiateUsingFactoryMethod(ConstructorResolver.java:467) [spring-beans-4.3.11.RELEASE.jar:4.3.11.RELEASE]
	at org.springframework.beans.factory.support.AbstractAutowireCapableBeanFactory.instantiateUsingFactoryMethod(AbstractAutowireCapableBeanFactory.java:1173) [spring-beans-4.3.11.RELEASE.jar:4.3.11.RELEASE]
	at org.springframework.beans.factory.support.AbstractAutowireCapableBeanFactory.createBeanInstance(AbstractAutowireCapableBeanFactory.java:1067) [spring-beans-4.3.11.RELEASE.jar:4.3.11.RELEASE]
	at org.springframework.beans.factory.support.AbstractAutowireCapableBeanFactory.doCreateBean(AbstractAutowireCapableBeanFactory.java:513) [spring-beans-4.3.11.RELEASE.jar:4.3.11.RELEASE]
	at org.springframework.beans.factory.support.AbstractAutowireCapableBeanFactory.createBean(AbstractAutowireCapableBeanFactory.java:483) [spring-beans-4.3.11.RELEASE.jar:4.3.11.RELEASE]
	at org.springframework.beans.factory.support.AbstractBeanFactory$1.getObject(AbstractBeanFactory.java:306) [spring-beans-4.3.11.RELEASE.jar:4.3.11.RELEASE]
	at org.springframework.beans.factory.support.DefaultSingletonBeanRegistry.getSingleton(DefaultSingletonBeanRegistry.java:230) [spring-beans-4.3.11.RELEASE.jar:4.3.11.RELEASE]
	at org.springframework.beans.factory.support.AbstractBeanFactory.doGetBean(AbstractBeanFactory.java:302) [spring-beans-4.3.11.RELEASE.jar:4.3.11.RELEASE]
	at org.springframework.beans.factory.support.AbstractBeanFactory.getBean(AbstractBeanFactory.java:202) [spring-beans-4.3.11.RELEASE.jar:4.3.11.RELEASE]
	at org.springframework.beans.factory.config.DependencyDescriptor.resolveCandidate(DependencyDescriptor.java:208) [spring-beans-4.3.11.RELEASE.jar:4.3.11.RELEASE]
	at org.springframework.beans.factory.support.DefaultListableBeanFactory.doResolveDependency(DefaultListableBeanFactory.java:1138) [spring-beans-4.3.11.RELEASE.jar:4.3.11.RELEASE]
	at org.springframework.beans.factory.support.DefaultListableBeanFactory.resolveDependency(DefaultListableBeanFactory.java:1066) [spring-beans-4.3.11.RELEASE.jar:4.3.11.RELEASE]
	at org.springframework.beans.factory.support.ConstructorResolver.resolveAutowiredArgument(ConstructorResolver.java:835) [spring-beans-4.3.11.RELEASE.jar:4.3.11.RELEASE]
	at org.springframework.beans.factory.support.ConstructorResolver.createArgumentArray(ConstructorResolver.java:741) [spring-beans-4.3.11.RELEASE.jar:4.3.11.RELEASE]
	at org.springframework.beans.factory.support.ConstructorResolver.instantiateUsingFactoryMethod(ConstructorResolver.java:467) [spring-beans-4.3.11.RELEASE.jar:4.3.11.RELEASE]
	at org.springframework.beans.factory.support.AbstractAutowireCapableBeanFactory.instantiateUsingFactoryMethod(AbstractAutowireCapableBeanFactory.java:1173) [spring-beans-4.3.11.RELEASE.jar:4.3.11.RELEASE]
	at org.springframework.beans.factory.support.AbstractAutowireCapableBeanFactory.createBeanInstance(AbstractAutowireCapableBeanFactory.java:1067) [spring-beans-4.3.11.RELEASE.jar:4.3.11.RELEASE]
	at org.springframework.beans.factory.support.AbstractAutowireCapableBeanFactory.doCreateBean(AbstractAutowireCapableBeanFactory.java:513) [spring-beans-4.3.11.RELEASE.jar:4.3.11.RELEASE]
	at org.springframework.beans.factory.support.AbstractAutowireCapableBeanFactory.createBean(AbstractAutowireCapableBeanFactory.java:483) [spring-beans-4.3.11.RELEASE.jar:4.3.11.RELEASE]
	at org.springframework.beans.factory.support.AbstractBeanFactory$1.getObject(AbstractBeanFactory.java:306) [spring-beans-4.3.11.RELEASE.jar:4.3.11.RELEASE]
	at org.springframework.beans.factory.support.DefaultSingletonBeanRegistry.getSingleton(DefaultSingletonBeanRegistry.java:230) [spring-beans-4.3.11.RELEASE.jar:4.3.11.RELEASE]
	at org.springframework.beans.factory.support.AbstractBeanFactory.doGetBean(AbstractBeanFactory.java:302) [spring-beans-4.3.11.RELEASE.jar:4.3.11.RELEASE]
	at org.springframework.beans.factory.support.AbstractBeanFactory.getBean(AbstractBeanFactory.java:197) [spring-beans-4.3.11.RELEASE.jar:4.3.11.RELEASE]
	at org.springframework.context.support.AbstractApplicationContext.getBean(AbstractApplicationContext.java:1078) [spring-context-4.3.11.RELEASE.jar:4.3.11.RELEASE]
	at org.springframework.context.support.AbstractApplicationContext.finishBeanFactoryInitialization(AbstractApplicationContext.java:857) [spring-context-4.3.11.RELEASE.jar:4.3.11.RELEASE]
	at org.springframework.context.support.AbstractApplicationContext.refresh(AbstractApplicationContext.java:543) [spring-context-4.3.11.RELEASE.jar:4.3.11.RELEASE]
	at org.springframework.boot.SpringApplication.refresh(SpringApplication.java:693) [spring-boot-1.5.7.RELEASE.jar:1.5.7.RELEASE]
	at org.springframework.boot.SpringApplication.refreshContext(SpringApplication.java:360) [spring-boot-1.5.7.RELEASE.jar:1.5.7.RELEASE]
	at org.springframework.boot.SpringApplication.run(SpringApplication.java:303) [spring-boot-1.5.7.RELEASE.jar:1.5.7.RELEASE]
	at org.springframework.boot.test.context.SpringBootContextLoader.loadContext(SpringBootContextLoader.java:120) [spring-boot-test-1.5.7.RELEASE.jar:1.5.7.RELEASE]
	at org.springframework.test.context.cache.DefaultCacheAwareContextLoaderDelegate.loadContextInternal(DefaultCacheAwareContextLoaderDelegate.java:98) [spring-test-4.3.11.RELEASE.jar:4.3.11.RELEASE]
	at org.springframework.test.context.cache.DefaultCacheAwareContextLoaderDelegate.loadContext(DefaultCacheAwareContextLoaderDelegate.java:116) [spring-test-4.3.11.RELEASE.jar:4.3.11.RELEASE]
	at org.springframework.test.context.support.DefaultTestContext.getApplicationContext(DefaultTestContext.java:83) [spring-test-4.3.11.RELEASE.jar:4.3.11.RELEASE]
	at org.springframework.test.context.web.ServletTestExecutionListener.setUpRequestContextIfNecessary(ServletTestExecutionListener.java:189) [spring-test-4.3.11.RELEASE.jar:4.3.11.RELEASE]
	at org.springframework.test.context.web.ServletTestExecutionListener.prepareTestInstance(ServletTestExecutionListener.java:131) [spring-test-4.3.11.RELEASE.jar:4.3.11.RELEASE]
	at org.springframework.test.context.TestContextManager.prepareTestInstance(TestContextManager.java:230) [spring-test-4.3.11.RELEASE.jar:4.3.11.RELEASE]
	at org.springframework.test.context.junit4.SpringJUnit4ClassRunner.createTest(SpringJUnit4ClassRunner.java:228) [spring-test-4.3.11.RELEASE.jar:4.3.11.RELEASE]
	at org.springframework.test.context.junit4.SpringJUnit4ClassRunner$1.runReflectiveCall(SpringJUnit4ClassRunner.java:287) [spring-test-4.3.11.RELEASE.jar:4.3.11.RELEASE]
	at org.junit.internal.runners.model.ReflectiveCallable.run(ReflectiveCallable.java:12) [junit-4.12.jar:4.12]
	at org.springframework.test.context.junit4.SpringJUnit4ClassRunner.methodBlock(SpringJUnit4ClassRunner.java:289) [spring-test-4.3.11.RELEASE.jar:4.3.11.RELEASE]
	at org.springframework.test.context.junit4.SpringJUnit4ClassRunner.runChild(SpringJUnit4ClassRunner.java:247) [spring-test-4.3.11.RELEASE.jar:4.3.11.RELEASE]
	at org.springframework.test.context.junit4.SpringJUnit4ClassRunner.runChild(SpringJUnit4ClassRunner.java:94) [spring-test-4.3.11.RELEASE.jar:4.3.11.RELEASE]
	at org.junit.runners.ParentRunner$3.run(ParentRunner.java:290) [junit-4.12.jar:4.12]
	at org.junit.runners.ParentRunner$1.schedule(ParentRunner.java:71) [junit-4.12.jar:4.12]
	at org.junit.runners.ParentRunner.runChildren(ParentRunner.java:288) [junit-4.12.jar:4.12]
	at org.junit.runners.ParentRunner.access$000(ParentRunner.java:58) [junit-4.12.jar:4.12]
	at org.junit.runners.ParentRunner$2.evaluate(ParentRunner.java:268) [junit-4.12.jar:4.12]
	at org.springframework.test.context.junit4.statements.RunBeforeTestClassCallbacks.evaluate(RunBeforeTestClassCallbacks.java:61) [spring-test-4.3.11.RELEASE.jar:4.3.11.RELEASE]
	at org.springframework.test.context.junit4.statements.RunAfterTestClassCallbacks.evaluate(RunAfterTestClassCallbacks.java:70) [spring-test-4.3.11.RELEASE.jar:4.3.11.RELEASE]
	at org.junit.runners.ParentRunner.run(ParentRunner.java:363) [junit-4.12.jar:4.12]
	at org.springframework.test.context.junit4.SpringJUnit4ClassRunner.run(SpringJUnit4ClassRunner.java:191) [spring-test-4.3.11.RELEASE.jar:4.3.11.RELEASE]
	at org.gradle.api.internal.tasks.testing.junit.JUnitTestClassExecuter.runTestClass(JUnitTestClassExecuter.java:114) [gradle-testing-jvm-3.5.jar:3.5]
	at org.gradle.api.internal.tasks.testing.junit.JUnitTestClassExecuter.execute(JUnitTestClassExecuter.java:57) [gradle-testing-jvm-3.5.jar:3.5]
	at org.gradle.api.internal.tasks.testing.junit.JUnitTestClassProcessor.processTestClass(JUnitTestClassProcessor.java:66) [gradle-testing-jvm-3.5.jar:3.5]
	at org.gradle.api.internal.tasks.testing.SuiteTestClassProcessor.processTestClass(SuiteTestClassProcessor.java:51) [gradle-testing-base-3.5.jar:3.5]
	at sun.reflect.NativeMethodAccessorImpl.invoke0(Native Method) ~[na:1.8.0_161]
	at sun.reflect.NativeMethodAccessorImpl.invoke(NativeMethodAccessorImpl.java:62) ~[na:1.8.0_161]
	at sun.reflect.DelegatingMethodAccessorImpl.invoke(DelegatingMethodAccessorImpl.java:43) ~[na:1.8.0_161]
	at java.lang.reflect.Method.invoke(Method.java:498) ~[na:1.8.0_161]
	at org.gradle.internal.dispatch.ReflectionDispatch.dispatch(ReflectionDispatch.java:35) [gradle-messaging-3.5.jar:3.5]
	at org.gradle.internal.dispatch.ReflectionDispatch.dispatch(ReflectionDispatch.java:24) [gradle-messaging-3.5.jar:3.5]
	at org.gradle.internal.dispatch.ContextClassLoaderDispatch.dispatch(ContextClassLoaderDispatch.java:32) [gradle-messaging-3.5.jar:3.5]
	at org.gradle.internal.dispatch.ProxyDispatchAdapter$DispatchingInvocationHandler.invoke(ProxyDispatchAdapter.java:93) [gradle-messaging-3.5.jar:3.5]
	at com.sun.proxy.$Proxy2.processTestClass(Unknown Source) [na:na]
	at org.gradle.api.internal.tasks.testing.worker.TestWorker.processTestClass(TestWorker.java:109) [gradle-testing-base-3.5.jar:3.5]
	at sun.reflect.NativeMethodAccessorImpl.invoke0(Native Method) ~[na:1.8.0_161]
	at sun.reflect.NativeMethodAccessorImpl.invoke(NativeMethodAccessorImpl.java:62) ~[na:1.8.0_161]
	at sun.reflect.DelegatingMethodAccessorImpl.invoke(DelegatingMethodAccessorImpl.java:43) ~[na:1.8.0_161]
	at java.lang.reflect.Method.invoke(Method.java:498) ~[na:1.8.0_161]
	at org.gradle.internal.dispatch.ReflectionDispatch.dispatch(ReflectionDispatch.java:35) [gradle-messaging-3.5.jar:3.5]
	at org.gradle.internal.dispatch.ReflectionDispatch.dispatch(ReflectionDispatch.java:24) [gradle-messaging-3.5.jar:3.5]
	at org.gradle.internal.remote.internal.hub.MessageHubBackedObjectConnection$DispatchWrapper.dispatch(MessageHubBackedObjectConnection.java:147) [gradle-messaging-3.5.jar:3.5]
	at org.gradle.internal.remote.internal.hub.MessageHubBackedObjectConnection$DispatchWrapper.dispatch(MessageHubBackedObjectConnection.java:129) [gradle-messaging-3.5.jar:3.5]
	at org.gradle.internal.remote.internal.hub.MessageHub$Handler.run(MessageHub.java:404) [gradle-messaging-3.5.jar:3.5]
	at org.gradle.internal.concurrent.ExecutorPolicy$CatchAndRecordFailures.onExecute(ExecutorPolicy.java:63) [gradle-base-services-3.5.jar:3.5]
	at org.gradle.internal.concurrent.StoppableExecutorImpl$1.run(StoppableExecutorImpl.java:46) [gradle-base-services-3.5.jar:3.5]
	at java.util.concurrent.ThreadPoolExecutor.runWorker(ThreadPoolExecutor.java:1149) [na:1.8.0_161]
	at java.util.concurrent.ThreadPoolExecutor$Worker.run(ThreadPoolExecutor.java:624) [na:1.8.0_161]
	at java.lang.Thread.run(Thread.java:748) [na:1.8.0_161]
Caused by: java.net.ConnectException: Connection refused: connect
	at java.net.DualStackPlainSocketImpl.waitForConnect(Native Method) ~[na:1.8.0_161]
	at java.net.DualStackPlainSocketImpl.socketConnect(DualStackPlainSocketImpl.java:85) ~[na:1.8.0_161]
	at java.net.AbstractPlainSocketImpl.doConnect(AbstractPlainSocketImpl.java:350) ~[na:1.8.0_161]
	at java.net.AbstractPlainSocketImpl.connectToAddress(AbstractPlainSocketImpl.java:206) ~[na:1.8.0_161]
	at java.net.AbstractPlainSocketImpl.connect(AbstractPlainSocketImpl.java:188) ~[na:1.8.0_161]
	at java.net.PlainSocketImpl.connect(PlainSocketImpl.java:172) ~[na:1.8.0_161]
	at java.net.SocksSocketImpl.connect(SocksSocketImpl.java:392) ~[na:1.8.0_161]
	at java.net.Socket.connect(Socket.java:589) ~[na:1.8.0_161]
	at org.postgresql.core.PGStream.<init>(PGStream.java:61) ~[postgresql-9.4.1212.jre7.jar:9.4.1212.jre7]
	at org.postgresql.core.v3.ConnectionFactoryImpl.openConnectionImpl(ConnectionFactoryImpl.java:144) ~[postgresql-9.4.1212.jre7.jar:9.4.1212.jre7]
	... 123 common frames omitted

2018-03-27 11:11:19.894  WARN 2808 --- [    Test worker] o.s.b.a.orm.jpa.DatabaseLookup           : Unable to determine jdbc url from datasource

org.springframework.jdbc.support.MetaDataAccessException: Could not get Connection for extracting meta data; nested exception is org.springframework.jdbc.CannotGetJdbcConnectionException: Could not get JDBC Connection; nested exception is org.postgresql.util.PSQLException: Connection to localhost:5432 refused. Check that the hostname and port are correct and that the postmaster is accepting TCP/IP connections.
	at org.springframework.jdbc.support.JdbcUtils.extractDatabaseMetaData(JdbcUtils.java:339) ~[spring-jdbc-4.3.11.RELEASE.jar:4.3.11.RELEASE]
	at org.springframework.jdbc.support.JdbcUtils.extractDatabaseMetaData(JdbcUtils.java:366) ~[spring-jdbc-4.3.11.RELEASE.jar:4.3.11.RELEASE]
	at org.springframework.boot.autoconfigure.orm.jpa.DatabaseLookup.getDatabase(DatabaseLookup.java:72) ~[spring-boot-autoconfigure-1.5.7.RELEASE.jar:1.5.7.RELEASE]
	at org.springframework.boot.autoconfigure.orm.jpa.JpaProperties.determineDatabase(JpaProperties.java:139) [spring-boot-autoconfigure-1.5.7.RELEASE.jar:1.5.7.RELEASE]
	at org.springframework.boot.autoconfigure.orm.jpa.JpaBaseConfiguration.jpaVendorAdapter(JpaBaseConfiguration.java:105) [spring-boot-autoconfigure-1.5.7.RELEASE.jar:1.5.7.RELEASE]
	at org.springframework.boot.autoconfigure.orm.jpa.HibernateJpaAutoConfiguration$$EnhancerBySpringCGLIB$$6ebd0542.CGLIB$jpaVendorAdapter$6(<generated>) [spring-boot-autoconfigure-1.5.7.RELEASE.jar:1.5.7.RELEASE]
	at org.springframework.boot.autoconfigure.orm.jpa.HibernateJpaAutoConfiguration$$EnhancerBySpringCGLIB$$6ebd0542$$FastClassBySpringCGLIB$$77c68172.invoke(<generated>) [spring-boot-autoconfigure-1.5.7.RELEASE.jar:1.5.7.RELEASE]
	at org.springframework.cglib.proxy.MethodProxy.invokeSuper(MethodProxy.java:228) [spring-core-4.3.11.RELEASE.jar:4.3.11.RELEASE]
	at org.springframework.context.annotation.ConfigurationClassEnhancer$BeanMethodInterceptor.intercept(ConfigurationClassEnhancer.java:358) [spring-context-4.3.11.RELEASE.jar:4.3.11.RELEASE]
	at org.springframework.boot.autoconfigure.orm.jpa.HibernateJpaAutoConfiguration$$EnhancerBySpringCGLIB$$6ebd0542.jpaVendorAdapter(<generated>) [spring-boot-autoconfigure-1.5.7.RELEASE.jar:1.5.7.RELEASE]
	at sun.reflect.NativeMethodAccessorImpl.invoke0(Native Method) ~[na:1.8.0_161]
	at sun.reflect.NativeMethodAccessorImpl.invoke(NativeMethodAccessorImpl.java:62) ~[na:1.8.0_161]
	at sun.reflect.DelegatingMethodAccessorImpl.invoke(DelegatingMethodAccessorImpl.java:43) ~[na:1.8.0_161]
	at java.lang.reflect.Method.invoke(Method.java:498) ~[na:1.8.0_161]
	at org.springframework.beans.factory.support.SimpleInstantiationStrategy.instantiate(SimpleInstantiationStrategy.java:162) [spring-beans-4.3.11.RELEASE.jar:4.3.11.RELEASE]
	at org.springframework.beans.factory.support.ConstructorResolver.instantiateUsingFactoryMethod(ConstructorResolver.java:588) [spring-beans-4.3.11.RELEASE.jar:4.3.11.RELEASE]
	at org.springframework.beans.factory.support.AbstractAutowireCapableBeanFactory.instantiateUsingFactoryMethod(AbstractAutowireCapableBeanFactory.java:1173) [spring-beans-4.3.11.RELEASE.jar:4.3.11.RELEASE]
	at org.springframework.beans.factory.support.AbstractAutowireCapableBeanFactory.createBeanInstance(AbstractAutowireCapableBeanFactory.java:1067) [spring-beans-4.3.11.RELEASE.jar:4.3.11.RELEASE]
	at org.springframework.beans.factory.support.AbstractAutowireCapableBeanFactory.doCreateBean(AbstractAutowireCapableBeanFactory.java:513) [spring-beans-4.3.11.RELEASE.jar:4.3.11.RELEASE]
	at org.springframework.beans.factory.support.AbstractAutowireCapableBeanFactory.createBean(AbstractAutowireCapableBeanFactory.java:483) [spring-beans-4.3.11.RELEASE.jar:4.3.11.RELEASE]
	at org.springframework.beans.factory.support.AbstractBeanFactory$1.getObject(AbstractBeanFactory.java:306) [spring-beans-4.3.11.RELEASE.jar:4.3.11.RELEASE]
	at org.springframework.beans.factory.support.DefaultSingletonBeanRegistry.getSingleton(DefaultSingletonBeanRegistry.java:230) [spring-beans-4.3.11.RELEASE.jar:4.3.11.RELEASE]
	at org.springframework.beans.factory.support.AbstractBeanFactory.doGetBean(AbstractBeanFactory.java:302) [spring-beans-4.3.11.RELEASE.jar:4.3.11.RELEASE]
	at org.springframework.beans.factory.support.AbstractBeanFactory.getBean(AbstractBeanFactory.java:202) [spring-beans-4.3.11.RELEASE.jar:4.3.11.RELEASE]
	at org.springframework.beans.factory.config.DependencyDescriptor.resolveCandidate(DependencyDescriptor.java:208) [spring-beans-4.3.11.RELEASE.jar:4.3.11.RELEASE]
	at org.springframework.beans.factory.support.DefaultListableBeanFactory.doResolveDependency(DefaultListableBeanFactory.java:1138) [spring-beans-4.3.11.RELEASE.jar:4.3.11.RELEASE]
	at org.springframework.beans.factory.support.DefaultListableBeanFactory.resolveDependency(DefaultListableBeanFactory.java:1066) [spring-beans-4.3.11.RELEASE.jar:4.3.11.RELEASE]
	at org.springframework.beans.factory.support.ConstructorResolver.resolveAutowiredArgument(ConstructorResolver.java:835) [spring-beans-4.3.11.RELEASE.jar:4.3.11.RELEASE]
	at org.springframework.beans.factory.support.ConstructorResolver.createArgumentArray(ConstructorResolver.java:741) [spring-beans-4.3.11.RELEASE.jar:4.3.11.RELEASE]
	at org.springframework.beans.factory.support.ConstructorResolver.instantiateUsingFactoryMethod(ConstructorResolver.java:467) [spring-beans-4.3.11.RELEASE.jar:4.3.11.RELEASE]
	at org.springframework.beans.factory.support.AbstractAutowireCapableBeanFactory.instantiateUsingFactoryMethod(AbstractAutowireCapableBeanFactory.java:1173) [spring-beans-4.3.11.RELEASE.jar:4.3.11.RELEASE]
	at org.springframework.beans.factory.support.AbstractAutowireCapableBeanFactory.createBeanInstance(AbstractAutowireCapableBeanFactory.java:1067) [spring-beans-4.3.11.RELEASE.jar:4.3.11.RELEASE]
	at org.springframework.beans.factory.support.AbstractAutowireCapableBeanFactory.doCreateBean(AbstractAutowireCapableBeanFactory.java:513) [spring-beans-4.3.11.RELEASE.jar:4.3.11.RELEASE]
	at org.springframework.beans.factory.support.AbstractAutowireCapableBeanFactory.createBean(AbstractAutowireCapableBeanFactory.java:483) [spring-beans-4.3.11.RELEASE.jar:4.3.11.RELEASE]
	at org.springframework.beans.factory.support.AbstractBeanFactory$1.getObject(AbstractBeanFactory.java:306) [spring-beans-4.3.11.RELEASE.jar:4.3.11.RELEASE]
	at org.springframework.beans.factory.support.DefaultSingletonBeanRegistry.getSingleton(DefaultSingletonBeanRegistry.java:230) [spring-beans-4.3.11.RELEASE.jar:4.3.11.RELEASE]
	at org.springframework.beans.factory.support.AbstractBeanFactory.doGetBean(AbstractBeanFactory.java:302) [spring-beans-4.3.11.RELEASE.jar:4.3.11.RELEASE]
	at org.springframework.beans.factory.support.AbstractBeanFactory.getBean(AbstractBeanFactory.java:202) [spring-beans-4.3.11.RELEASE.jar:4.3.11.RELEASE]
	at org.springframework.beans.factory.config.DependencyDescriptor.resolveCandidate(DependencyDescriptor.java:208) [spring-beans-4.3.11.RELEASE.jar:4.3.11.RELEASE]
	at org.springframework.beans.factory.support.DefaultListableBeanFactory.doResolveDependency(DefaultListableBeanFactory.java:1138) [spring-beans-4.3.11.RELEASE.jar:4.3.11.RELEASE]
	at org.springframework.beans.factory.support.DefaultListableBeanFactory.resolveDependency(DefaultListableBeanFactory.java:1066) [spring-beans-4.3.11.RELEASE.jar:4.3.11.RELEASE]
	at org.springframework.beans.factory.support.ConstructorResolver.resolveAutowiredArgument(ConstructorResolver.java:835) [spring-beans-4.3.11.RELEASE.jar:4.3.11.RELEASE]
	at org.springframework.beans.factory.support.ConstructorResolver.createArgumentArray(ConstructorResolver.java:741) [spring-beans-4.3.11.RELEASE.jar:4.3.11.RELEASE]
	at org.springframework.beans.factory.support.ConstructorResolver.instantiateUsingFactoryMethod(ConstructorResolver.java:467) [spring-beans-4.3.11.RELEASE.jar:4.3.11.RELEASE]
	at org.springframework.beans.factory.support.AbstractAutowireCapableBeanFactory.instantiateUsingFactoryMethod(AbstractAutowireCapableBeanFactory.java:1173) [spring-beans-4.3.11.RELEASE.jar:4.3.11.RELEASE]
	at org.springframework.beans.factory.support.AbstractAutowireCapableBeanFactory.createBeanInstance(AbstractAutowireCapableBeanFactory.java:1067) [spring-beans-4.3.11.RELEASE.jar:4.3.11.RELEASE]
	at org.springframework.beans.factory.support.AbstractAutowireCapableBeanFactory.doCreateBean(AbstractAutowireCapableBeanFactory.java:513) [spring-beans-4.3.11.RELEASE.jar:4.3.11.RELEASE]
	at org.springframework.beans.factory.support.AbstractAutowireCapableBeanFactory.createBean(AbstractAutowireCapableBeanFactory.java:483) [spring-beans-4.3.11.RELEASE.jar:4.3.11.RELEASE]
	at org.springframework.beans.factory.support.AbstractBeanFactory$1.getObject(AbstractBeanFactory.java:306) [spring-beans-4.3.11.RELEASE.jar:4.3.11.RELEASE]
	at org.springframework.beans.factory.support.DefaultSingletonBeanRegistry.getSingleton(DefaultSingletonBeanRegistry.java:230) [spring-beans-4.3.11.RELEASE.jar:4.3.11.RELEASE]
	at org.springframework.beans.factory.support.AbstractBeanFactory.doGetBean(AbstractBeanFactory.java:302) [spring-beans-4.3.11.RELEASE.jar:4.3.11.RELEASE]
	at org.springframework.beans.factory.support.AbstractBeanFactory.getBean(AbstractBeanFactory.java:197) [spring-beans-4.3.11.RELEASE.jar:4.3.11.RELEASE]
	at org.springframework.context.support.AbstractApplicationContext.getBean(AbstractApplicationContext.java:1078) [spring-context-4.3.11.RELEASE.jar:4.3.11.RELEASE]
	at org.springframework.context.support.AbstractApplicationContext.finishBeanFactoryInitialization(AbstractApplicationContext.java:857) [spring-context-4.3.11.RELEASE.jar:4.3.11.RELEASE]
	at org.springframework.context.support.AbstractApplicationContext.refresh(AbstractApplicationContext.java:543) [spring-context-4.3.11.RELEASE.jar:4.3.11.RELEASE]
	at org.springframework.boot.SpringApplication.refresh(SpringApplication.java:693) [spring-boot-1.5.7.RELEASE.jar:1.5.7.RELEASE]
	at org.springframework.boot.SpringApplication.refreshContext(SpringApplication.java:360) [spring-boot-1.5.7.RELEASE.jar:1.5.7.RELEASE]
	at org.springframework.boot.SpringApplication.run(SpringApplication.java:303) [spring-boot-1.5.7.RELEASE.jar:1.5.7.RELEASE]
	at org.springframework.boot.test.context.SpringBootContextLoader.loadContext(SpringBootContextLoader.java:120) [spring-boot-test-1.5.7.RELEASE.jar:1.5.7.RELEASE]
	at org.springframework.test.context.cache.DefaultCacheAwareContextLoaderDelegate.loadContextInternal(DefaultCacheAwareContextLoaderDelegate.java:98) [spring-test-4.3.11.RELEASE.jar:4.3.11.RELEASE]
[...]
	at org.springframework.context.support.AbstractApplicationContext.getBean(AbstractApplicationContext.java:1078) [spring-context-4.3.11.RELEASE.jar:4.3.11.RELEASE]
	at org.springframework.context.support.AbstractApplicationContext.finishBeanFactoryInitialization(AbstractApplicationContext.java:857) [spring-context-4.3.11.RELEASE.jar:4.3.11.RELEASE]
	at org.springframework.context.support.AbstractApplicationContext.refresh(AbstractApplicationContext.java:543) [spring-context-4.3.11.RELEASE.jar:4.3.11.RELEASE]
	at org.springframework.boot.SpringApplication.refresh(SpringApplication.java:693) [spring-boot-1.5.7.RELEASE.jar:1.5.7.RELEASE]
	at org.springframework.boot.SpringApplication.refreshContext(SpringApplication.java:360) [spring-boot-1.5.7.RELEASE.jar:1.5.7.RELEASE]
	at org.springframework.boot.SpringApplication.run(SpringApplication.java:303) [spring-boot-1.5.7.RELEASE.jar:1.5.7.RELEASE]
	at org.springframework.boot.test.context.SpringBootContextLoader.loadContext(SpringBootContextLoader.java:120) [spring-boot-test-1.5.7.RELEASE.jar:1.5.7.RELEASE]
	at org.springframework.test.context.cache.DefaultCacheAwareContextLoaderDelegate.loadContextInternal(DefaultCacheAwareContextLoaderDelegate.java:98) [spring-test-4.3.11.RELEASE.jar:4.3.11.RELEASE]
	at org.springframework.test.context.cache.DefaultCacheAwareContextLoaderDelegate.loadContext(DefaultCacheAwareContextLoaderDelegate.java:116) [spring-test-4.3.11.RELEASE.jar:4.3.11.RELEASE]
	at org.springframework.test.context.support.DefaultTestContext.getApplicationContext(DefaultTestContext.java:83) [spring-test-4.3.11.RELEASE.jar:4.3.11.RELEASE]
	at org.springframework.test.context.web.ServletTestExecutionListener.setUpRequestContextIfNecessary(ServletTestExecutionListener.java:189) [spring-test-4.3.11.RELEASE.jar:4.3.11.RELEASE]
	at org.springframework.test.context.web.ServletTestExecutionListener.prepareTestInstance(ServletTestExecutionListener.java:131) [spring-test-4.3.11.RELEASE.jar:4.3.11.RELEASE]
	at org.springframework.test.context.TestContextManager.prepareTestInstance(TestContextManager.java:230) [spring-test-4.3.11.RELEASE.jar:4.3.11.RELEASE]
	at org.springframework.test.context.junit4.SpringJUnit4ClassRunner.createTest(SpringJUnit4ClassRunner.java:228) [spring-test-4.3.11.RELEASE.jar:4.3.11.RELEASE]
	at org.springframework.test.context.junit4.SpringJUnit4ClassRunner$1.runReflectiveCall(SpringJUnit4ClassRunner.java:287) [spring-test-4.3.11.RELEASE.jar:4.3.11.RELEASE]
	at org.junit.internal.runners.model.ReflectiveCallable.run(ReflectiveCallable.java:12) [junit-4.12.jar:4.12]
	at org.springframework.test.context.junit4.SpringJUnit4ClassRunner.methodBlock(SpringJUnit4ClassRunner.java:289) [spring-test-4.3.11.RELEASE.jar:4.3.11.RELEASE]
	at org.springframework.test.context.junit4.SpringJUnit4ClassRunner.runChild(SpringJUnit4ClassRunner.java:247) [spring-test-4.3.11.RELEASE.jar:4.3.11.RELEASE]
	at org.springframework.test.context.junit4.SpringJUnit4ClassRunner.runChild(SpringJUnit4ClassRunner.java:94) [spring-test-4.3.11.RELEASE.jar:4.3.11.RELEASE]
	at org.junit.runners.ParentRunner$3.run(ParentRunner.java:290) [junit-4.12.jar:4.12]
	at org.junit.runners.ParentRunner$1.schedule(ParentRunner.java:71) [junit-4.12.jar:4.12]
	at org.junit.runners.ParentRunner.runChildren(ParentRunner.java:288) [junit-4.12.jar:4.12]
	at org.junit.runners.ParentRunner.access$000(ParentRunner.java:58) [junit-4.12.jar:4.12]
	at org.junit.runners.ParentRunner$2.evaluate(ParentRunner.java:268) [junit-4.12.jar:4.12]
	at org.springframework.test.context.junit4.statements.RunBeforeTestClassCallbacks.evaluate(RunBeforeTestClassCallbacks.java:61) [spring-test-4.3.11.RELEASE.jar:4.3.11.RELEASE]
	at org.springframework.test.context.junit4.statements.RunAfterTestClassCallbacks.evaluate(RunAfterTestClassCallbacks.java:70) [spring-test-4.3.11.RELEASE.jar:4.3.11.RELEASE]
	at org.junit.runners.ParentRunner.run(ParentRunner.java:363) [junit-4.12.jar:4.12]
	at org.springframework.test.context.junit4.SpringJUnit4ClassRunner.run(SpringJUnit4ClassRunner.java:191) [spring-test-4.3.11.RELEASE.jar:4.3.11.RELEASE]
	at org.gradle.api.internal.tasks.testing.junit.JUnitTestClassExecuter.runTestClass(JUnitTestClassExecuter.java:114) [gradle-testing-jvm-3.5.jar:3.5]
	at org.gradle.api.internal.tasks.testing.junit.JUnitTestClassExecuter.execute(JUnitTestClassExecuter.java:57) [gradle-testing-jvm-3.5.jar:3.5]
	at org.gradle.api.internal.tasks.testing.junit.JUnitTestClassProcessor.processTestClass(JUnitTestClassProcessor.java:66) [gradle-testing-jvm-3.5.jar:3.5]
	at org.gradle.api.internal.tasks.testing.SuiteTestClassProcessor.processTestClass(SuiteTestClassProcessor.java:51) [gradle-testing-base-3.5.jar:3.5]
	at sun.reflect.NativeMethodAccessorImpl.invoke0(Native Method) ~[na:1.8.0_161]
	at sun.reflect.NativeMethodAccessorImpl.invoke(NativeMethodAccessorImpl.java:62) ~[na:1.8.0_161]
	at sun.reflect.DelegatingMethodAccessorImpl.invoke(DelegatingMethodAccessorImpl.java:43) ~[na:1.8.0_161]
	at java.lang.reflect.Method.invoke(Method.java:498) ~[na:1.8.0_161]
	at org.gradle.internal.dispatch.ReflectionDispatch.dispatch(ReflectionDispatch.java:35) [gradle-messaging-3.5.jar:3.5]
	at org.gradle.internal.dispatch.ReflectionDispatch.dispatch(ReflectionDispatch.java:24) [gradle-messaging-3.5.jar:3.5]
	at org.gradle.internal.dispatch.ContextClassLoaderDispatch.dispatch(ContextClassLoaderDispatch.java:32) [gradle-messaging-3.5.jar:3.5]
	at org.gradle.internal.dispatch.ProxyDispatchAdapter$DispatchingInvocationHandler.invoke(ProxyDispatchAdapter.java:93) [gradle-messaging-3.5.jar:3.5]
	at com.sun.proxy.$Proxy2.processTestClass(Unknown Source) [na:na]
	at org.gradle.api.internal.tasks.testing.worker.TestWorker.processTestClass(TestWorker.java:109) [gradle-testing-base-3.5.jar:3.5]
	at sun.reflect.NativeMethodAccessorImpl.invoke0(Native Method) ~[na:1.8.0_161]
	at sun.reflect.NativeMethodAccessorImpl.invoke(NativeMethodAccessorImpl.java:62) ~[na:1.8.0_161]
	at sun.reflect.DelegatingMethodAccessorImpl.invoke(DelegatingMethodAccessorImpl.java:43) ~[na:1.8.0_161]
	at java.lang.reflect.Method.invoke(Method.java:498) ~[na:1.8.0_161]
	at org.gradle.internal.dispatch.ReflectionDispatch.dispatch(ReflectionDispatch.java:35) [gradle-messaging-3.5.jar:3.5]
	at org.gradle.internal.dispatch.ReflectionDispatch.dispatch(ReflectionDispatch.java:24) [gradle-messaging-3.5.jar:3.5]
	at org.gradle.internal.remote.internal.hub.MessageHubBackedObjectConnection$DispatchWrapper.dispatch(MessageHubBackedObjectConnection.java:147) [gradle-messaging-3.5.jar:3.5]
	at org.gradle.internal.remote.internal.hub.MessageHubBackedObjectConnection$DispatchWrapper.dispatch(MessageHubBackedObjectConnection.java:129) [gradle-messaging-3.5.jar:3.5]
	at org.gradle.internal.remote.internal.hub.MessageHub$Handler.run(MessageHub.java:404) [gradle-messaging-3.5.jar:3.5]
	at org.gradle.internal.concurrent.ExecutorPolicy$CatchAndRecordFailures.onExecute(ExecutorPolicy.java:63) [gradle-base-services-3.5.jar:3.5]
	at org.gradle.internal.concurrent.StoppableExecutorImpl$1.run(StoppableExecutorImpl.java:46) [gradle-base-services-3.5.jar:3.5]
	at java.util.concurrent.ThreadPoolExecutor.runWorker(ThreadPoolExecutor.java:1149) [na:1.8.0_161]
	at java.util.concurrent.ThreadPoolExecutor$Worker.run(ThreadPoolExecutor.java:624) [na:1.8.0_161]
	at java.lang.Thread.run(Thread.java:748) [na:1.8.0_161]
Caused by: java.net.ConnectException: Connection refused: connect
	at java.net.DualStackPlainSocketImpl.waitForConnect(Native Method) ~[na:1.8.0_161]
	at java.net.DualStackPlainSocketImpl.socketConnect(DualStackPlainSocketImpl.java:85) ~[na:1.8.0_161]
	at java.net.AbstractPlainSocketImpl.doConnect(AbstractPlainSocketImpl.java:350) ~[na:1.8.0_161]
	at java.net.AbstractPlainSocketImpl.connectToAddress(AbstractPlainSocketImpl.java:206) ~[na:1.8.0_161]
	at java.net.AbstractPlainSocketImpl.connect(AbstractPlainSocketImpl.java:188) ~[na:1.8.0_161]
	at java.net.PlainSocketImpl.connect(PlainSocketImpl.java:172) ~[na:1.8.0_161]
	at java.net.SocksSocketImpl.connect(SocksSocketImpl.java:392) ~[na:1.8.0_161]
	at java.net.Socket.connect(Socket.java:589) ~[na:1.8.0_161]
	at org.postgresql.core.PGStream.<init>(PGStream.java:61) ~[postgresql-9.4.1212.jre7.jar:9.4.1212.jre7]
	at org.postgresql.core.v3.ConnectionFactoryImpl.openConnectionImpl(ConnectionFactoryImpl.java:144) ~[postgresql-9.4.1212.jre7.jar:9.4.1212.jre7]
	... 90 common frames omitted

2018-03-27 11:11:22.780  INFO 2808 --- [    Test worker] org.hibernate.tool.hbm2ddl.SchemaExport  : HHH000230: Schema export complete
2018-03-27 11:11:22.827  INFO 2808 --- [    Test worker] j.LocalContainerEntityManagerFactoryBean : Initialized JPA EntityManagerFactory for persistence unit 'default'
2018-03-27 11:11:23.840  INFO 2808 --- [    Test worker] o.s.s.web.DefaultSecurityFilterChain     : Creating filter chain: org.springframework.security.web.util.matcher.AnyRequestMatcher@1, [org.springframework.security.web.context.request.async.WebAsyncManagerIntegrationFilter@3cf1c7e5, org.springframework.security.web.context.SecurityContextPersistenceFilter@4f32b09c, org.springframework.security.web.header.HeaderWriterFilter@14591eba, org.springframework.web.filter.CorsFilter@5c2159d7, org.springframework.security.web.authentication.logout.LogoutFilter@581835f8, com.ubb935.halfway.security.JWTAuthenticationFilter@76dc8f7c, com.ubb935.halfway.security.JWTAuthorizationFilter@4d62df38, org.springframework.security.web.savedrequest.RequestCacheAwareFilter@1012ed02, org.springframework.security.web.servletapi.SecurityContextHolderAwareRequestFilter@7221f676, org.springframework.security.web.authentication.AnonymousAuthenticationFilter@7f1ef79e, org.springframework.security.web.session.SessionManagementFilter@1c78487d, org.springframework.security.web.access.ExceptionTranslationFilter@9c791c5, org.springframework.security.web.access.intercept.FilterSecurityInterceptor@11f77090]
2018-03-27 11:11:24.310  INFO 2808 --- [    Test worker] s.w.s.m.m.a.RequestMappingHandlerAdapter : Looking for @ControllerAdvice: org.springframework.web.context.support.GenericWebApplicationContext@1fd51d34: startup date [Tue Mar 27 11:11:17 EEST 2018]; root of context hierarchy
2018-03-27 11:11:24.394  INFO 2808 --- [    Test worker] s.w.s.m.m.a.RequestMappingHandlerMapping : Mapped "{[/api/v1/sign-up],methods=[POST]}" onto public void com.ubb935.halfway.controller.AccountController.signUp(com.ubb935.halfway.dto.AccountDto) throws com.ubb935.halfway.service.exception.ValidationException
2018-03-27 11:11:24.396  INFO 2808 --- [    Test worker] s.w.s.m.m.a.RequestMappingHandlerMapping : Mapped "{[/api/v1/categories],methods=[GET]}" onto public com.ubb935.halfway.dto.CategoriesDto com.ubb935.halfway.controller.CategoryController.getAllCategories()
2018-03-27 11:11:24.397  INFO 2808 --- [    Test worker] s.w.s.m.m.a.RequestMappingHandlerMapping : Mapped "{[/api/v1/apply/job/{jobId}],methods=[POST]}" onto public org.springframework.http.ResponseEntity com.ubb935.halfway.controller.JobApplicationController.createApplication(java.lang.String)
2018-03-27 11:11:24.397  INFO 2808 --- [    Test worker] s.w.s.m.m.a.RequestMappingHandlerMapping : Mapped "{[/api/v1/applications/user],methods=[GET]}" onto public com.ubb935.halfway.dto.JobApplicationsDto com.ubb935.halfway.controller.JobApplicationController.getApplicationsForCurrentUser()
2018-03-27 11:11:24.397  INFO 2808 --- [    Test worker] s.w.s.m.m.a.RequestMappingHandlerMapping : Mapped "{[/api/v1/applications/job/{jobId}],methods=[GET]}" onto public com.ubb935.halfway.dto.JobApplicationsDto com.ubb935.halfway.controller.JobApplicationController.getApplicationsForJob(java.lang.String)
2018-03-27 11:11:24.401  INFO 2808 --- [    Test worker] s.w.s.m.m.a.RequestMappingHandlerMapping : Mapped "{[/api/v1/jobs],methods=[POST]}" onto public org.springframework.http.ResponseEntity com.ubb935.halfway.controller.JobController.createJob(java.util.Map<java.lang.String, com.ubb935.halfway.dto.JobDto>)
2018-03-27 11:11:24.402  INFO 2808 --- [    Test worker] s.w.s.m.m.a.RequestMappingHandlerMapping : Mapped "{[/api/v1/jobs/cost/asc],methods=[GET]}" onto public com.ubb935.halfway.dto.JobsDto com.ubb935.halfway.controller.JobController.getJobsByCostAsc()
2018-03-27 11:11:24.402  INFO 2808 --- [    Test worker] s.w.s.m.m.a.RequestMappingHandlerMapping : Mapped "{[/api/v1/jobs/{id}],methods=[PUT]}" onto public org.springframework.http.ResponseEntity com.ubb935.halfway.controller.JobController.updateJob(java.lang.String,java.util.Map<java.lang.String, com.ubb935.halfway.dto.JobDto>)
2018-03-27 11:11:24.402  INFO 2808 --- [    Test worker] s.w.s.m.m.a.RequestMappingHandlerMapping : Mapped "{[/api/v1/jobs/{id}],methods=[DELETE]}" onto public org.springframework.http.ResponseEntity com.ubb935.halfway.controller.JobController.deleteJob(java.lang.String)
2018-03-27 11:11:24.402  INFO 2808 --- [    Test worker] s.w.s.m.m.a.RequestMappingHandlerMapping : Mapped "{[/api/v1/jobs/user],methods=[GET]}" onto public com.ubb935.halfway.dto.JobsDto com.ubb935.halfway.controller.JobController.getJobsForUser()
2018-03-27 11:11:24.403  INFO 2808 --- [    Test worker] s.w.s.m.m.a.RequestMappingHandlerMapping : Mapped "{[/api/v1/jobs],methods=[GET]}" onto public com.ubb935.halfway.dto.JobsDto com.ubb935.halfway.controller.JobController.getAllJobs()
2018-03-27 11:11:24.403  INFO 2808 --- [    Test worker] s.w.s.m.m.a.RequestMappingHandlerMapping : Mapped "{[/api/v1/jobs/filter],methods=[POST]}" onto public com.ubb935.halfway.dto.JobsDto com.ubb935.halfway.controller.JobController.multiFilterJobs(com.ubb935.halfway.dto.JobFilterDto)
2018-03-27 11:11:24.403  INFO 2808 --- [    Test worker] s.w.s.m.m.a.RequestMappingHandlerMapping : Mapped "{[/api/v1/jobs/search/{query}],methods=[GET]}" onto public com.ubb935.halfway.dto.JobsDto com.ubb935.halfway.controller.JobController.filterJobs(java.lang.String)
2018-03-27 11:11:24.403  INFO 2808 --- [    Test worker] s.w.s.m.m.a.RequestMappingHandlerMapping : Mapped "{[/api/v1/jobs/cost/desc],methods=[GET]}" onto public com.ubb935.halfway.dto.JobsDto com.ubb935.halfway.controller.JobController.getJobsByCostDesc()
2018-03-27 11:11:24.403  INFO 2808 --- [    Test worker] s.w.s.m.m.a.RequestMappingHandlerMapping : Mapped "{[/api/v1/jobs/updated],methods=[GET]}" onto public com.ubb935.halfway.dto.JobsDto com.ubb935.halfway.controller.JobController.getJobsByUpdatedDate()
2018-03-27 11:11:24.404  INFO 2808 --- [    Test worker] s.w.s.m.m.a.RequestMappingHandlerMapping : Mapped "{[/api/v1/jobs/created],methods=[GET]}" onto public com.ubb935.halfway.dto.JobsDto com.ubb935.halfway.controller.JobController.getJobsByCreationDate()
2018-03-27 11:11:24.404  INFO 2808 --- [    Test worker] s.w.s.m.m.a.RequestMappingHandlerMapping : Mapped "{[/api/v1/jobs/location/{location}],methods=[GET]}" onto public com.ubb935.halfway.dto.JobsDto com.ubb935.halfway.controller.JobController.getJobsByLocation(java.lang.String)
2018-03-27 11:11:24.404  INFO 2808 --- [    Test worker] s.w.s.m.m.a.RequestMappingHandlerMapping : Mapped "{[/api/v1/jobs/category/{category}],methods=[GET]}" onto public com.ubb935.halfway.dto.JobsDto com.ubb935.halfway.controller.JobController.getJobsByCategory(java.lang.String)
2018-03-27 11:11:24.404  INFO 2808 --- [    Test worker] s.w.s.m.m.a.RequestMappingHandlerMapping : Mapped "{[/api/v1/jobs/ended],methods=[GET]}" onto public com.ubb935.halfway.dto.JobsDto com.ubb935.halfway.controller.JobController.getJobsByEndingDate()
2018-03-27 11:11:24.405  INFO 2808 --- [    Test worker] s.w.s.m.m.a.RequestMappingHandlerMapping : Mapped "{[/api/v1/locations],methods=[GET]}" onto public com.ubb935.halfway.dto.LocationsDto com.ubb935.halfway.controller.LocationController.getAllLocations()
2018-03-27 11:11:24.405  INFO 2808 --- [    Test worker] s.w.s.m.m.a.RequestMappingHandlerMapping : Mapped "{[/v1/ping]}" onto public java.lang.String com.ubb935.halfway.controller.PingController.index()
2018-03-27 11:11:24.408  INFO 2808 --- [    Test worker] s.w.s.m.m.a.RequestMappingHandlerMapping : Mapped "{[/api/v1/profile/client],methods=[GET]}" onto public com.ubb935.halfway.dto.ClientProfileDto com.ubb935.halfway.controller.ProfileController.getClientProfile() throws com.ubb935.halfway.service.exception.ValidationException
2018-03-27 11:11:24.408  INFO 2808 --- [    Test worker] s.w.s.m.m.a.RequestMappingHandlerMapping : Mapped "{[/api/v1/profile/abilities],methods=[GET]}" onto public java.util.List<java.lang.String> com.ubb935.halfway.controller.ProfileController.getAbility()
2018-03-27 11:11:24.409  INFO 2808 --- [    Test worker] s.w.s.m.m.a.RequestMappingHandlerMapping : Mapped "{[/api/v1/profile/create/client],methods=[POST]}" onto public void com.ubb935.halfway.controller.ProfileController.createClientProfile(com.ubb935.halfway.dto.ClientProfileDto) throws com.ubb935.halfway.service.exception.ValidationException
2018-03-27 11:11:24.409  INFO 2808 --- [    Test worker] s.w.s.m.m.a.RequestMappingHandlerMapping : Mapped "{[/api/v1/profile/update/client],methods=[POST]}" onto public void com.ubb935.halfway.controller.ProfileController.updateClientProfile(com.ubb935.halfway.dto.ClientProfileDto) throws com.ubb935.halfway.service.exception.ValidationException
2018-03-27 11:11:24.409  INFO 2808 --- [    Test worker] s.w.s.m.m.a.RequestMappingHandlerMapping : Mapped "{[/api/v1/profile/provider],methods=[GET]}" onto public com.ubb935.halfway.dto.ProviderProfileDto com.ubb935.halfway.controller.ProfileController.getProviderProfile() throws com.ubb935.halfway.service.exception.ValidationException
2018-03-27 11:11:24.410  INFO 2808 --- [    Test worker] s.w.s.m.m.a.RequestMappingHandlerMapping : Mapped "{[/api/v1/profile/create/provider],methods=[POST]}" onto public void com.ubb935.halfway.controller.ProfileController.createProviderProfile(com.ubb935.halfway.dto.ProviderProfileDto) throws com.ubb935.halfway.service.exception.ValidationException
2018-03-27 11:11:24.410  INFO 2808 --- [    Test worker] s.w.s.m.m.a.RequestMappingHandlerMapping : Mapped "{[/api/v1/profile/update/provider],methods=[POST]}" onto public void com.ubb935.halfway.controller.ProfileController.updateProviderProfile(com.ubb935.halfway.dto.ProviderProfileDto) throws com.ubb935.halfway.service.exception.ValidationException
2018-03-27 11:11:24.412  INFO 2808 --- [    Test worker] s.w.s.m.m.a.RequestMappingHandlerMapping : Mapped "{[/error]}" onto public org.springframework.http.ResponseEntity<java.util.Map<java.lang.String, java.lang.Object>> org.springframework.boot.autoconfigure.web.BasicErrorController.error(javax.servlet.http.HttpServletRequest)
2018-03-27 11:11:24.412  INFO 2808 --- [    Test worker] s.w.s.m.m.a.RequestMappingHandlerMapping : Mapped "{[/error],produces=[text/html]}" onto public org.springframework.web.servlet.ModelAndView org.springframework.boot.autoconfigure.web.BasicErrorController.errorHtml(javax.servlet.http.HttpServletRequest,javax.servlet.http.HttpServletResponse)
2018-03-27 11:11:24.479  INFO 2808 --- [    Test worker] o.s.w.s.handler.SimpleUrlHandlerMapping  : Mapped URL path [/webjars/**] onto handler of type [class org.springframework.web.servlet.resource.ResourceHttpRequestHandler]
2018-03-27 11:11:24.479  INFO 2808 --- [    Test worker] o.s.w.s.handler.SimpleUrlHandlerMapping  : Mapped URL path [/**] onto handler of type [class org.springframework.web.servlet.resource.ResourceHttpRequestHandler]
2018-03-27 11:11:24.539  INFO 2808 --- [    Test worker] o.s.w.s.handler.SimpleUrlHandlerMapping  : Mapped URL path [/**/favicon.ico] onto handler of type [class org.springframework.web.servlet.resource.ResourceHttpRequestHandler]
2018-03-27 11:11:24.937  INFO 2808 --- [    Test worker] c.u.halfway.HalfwayApplicationTests      : Started HalfwayApplicationTests in 7.967 seconds (JVM running for 8.824)
]]></system-out>
  <system-err><![CDATA[]]></system-err>
</testsuite>
